2025-07-02 11:00:24,972 - INFO - Servicio iniciado. Se ejecutará la tarea diaria a las 18:30.
2025-07-02 11:00:24,973 - INFO - Ejecutando tarea diaria de fichaje...
2025-07-02 11:00:50,606 - INFO - Fichajes programados para hoy:
2025-07-02 11:00:50,607 - INFO -  - CLOCKIN → 08:27 (2025-07-02T08:27:00+02:00)
2025-07-02 11:00:50,608 - INFO -  - CLOCKOUT → 14:22 (2025-07-02T14:22:00+02:00)
2025-07-02 11:00:50,608 - INFO -  - CLOCKIN → 15:29 (2025-07-02T15:29:00+02:00)
2025-07-02 11:00:50,609 - INFO -  - CLOCKOUT → 18:31 (2025-07-02T18:31:00+02:00)
2025-07-02 11:01:08,571 - INFO - ⛔ Fichaje cancelado por el usuario desde consola.
2025-07-02 11:01:08,572 - INFO - Tarea diaria finalizada.
2025-07-02 14:51:19,804 - INFO - Servicio iniciado. Se ejecutará la tarea diaria a las 18:30.
2025-07-02 14:51:19,805 - INFO - Ejecutando tarea diaria de fichaje...
2025-07-02 14:51:47,621 - WARNING - Ya existen fichajes de hoy.
2025-07-02 14:51:47,621 - INFO - Tarea diaria finalizada.
2025-07-29 17:58:34,250 - INFO - Servicio iniciado. Se ejecutará la tarea diaria del 2025-07-29.
2025-07-29 17:58:34,251 - INFO - Ejecutando tarea diaria de fichaje...
2025-07-29 17:58:34,252 - INFO - Inicio de login con Selenium
2025-07-29 17:58:51,997 - INFO - Login completado. Cookies y token guardados.
2025-07-29 17:59:43,447 - INFO - Fichajes programados para hoy:
2025-07-29 17:59:43,452 - INFO -  - CLOCKIN → 08:26 (2025-07-29T08:26:00+02:00)
2025-07-29 17:59:43,454 - INFO -  - CLOCKOUT → 14:31 (2025-07-29T14:31:00+02:00)
2025-07-29 17:59:43,455 - INFO -  - CLOCKIN → 15:28 (2025-07-29T15:28:00+02:00)
2025-07-29 17:59:43,457 - INFO -  - CLOCKOUT → 18:06 (2025-07-29T18:06:00+02:00)
2025-07-29 17:59:56,483 - INFO - ✅ Usuario confirmó continuar con los fichajes.
2025-07-29 18:00:03,341 - INFO - ClockIn -> 08:27 (2025-07-29T08:27:00+02:00)
2025-07-29 18:00:09,965 - INFO - Status: 200 | Respuesta: true
2025-07-29 18:00:09,967 - INFO - ClockOut -> 14:35 (2025-07-29T14:35:00+02:00)
2025-07-29 18:00:10,152 - INFO - Status: 200 | Respuesta: true
2025-07-29 18:00:10,153 - INFO - ClockIn -> 15:35 (2025-07-29T15:35:00+02:00)
2025-07-29 18:00:10,340 - INFO - Status: 200 | Respuesta: true
2025-07-29 18:00:10,341 - INFO - ClockOut -> 18:00 (2025-07-29T18:00:00+02:00)
2025-07-29 18:00:10,534 - INFO - Status: 200 | Respuesta: true
2025-07-29 18:00:10,536 - INFO - Tarea diaria finalizada.
2025-07-29 18:26:00,457 - INFO - Servicio iniciado. Se ejecutará la tarea diaria del 2025-07-29.
2025-07-29 18:26:00,459 - INFO - Ejecutando tarea diaria de fichaje...
2025-07-29 18:26:00,459 - INFO - Inicio de login con Selenium
2025-07-29 18:26:07,340 - ERROR - ⛔ ERROR al enviar fichajes diarios: cannot access local variable 'driver' where it is not associated with a value 
Traceback (most recent call last):
  File "c:\repositorio\examples\Python\.venv\Lib\site-packages\selenium\webdriver\common\driver_finder.py", line 64, in _binary_paths
    raise ValueError(f"The path is not a valid file: {path}")
ValueError: The path is not a valid file: C:\repositorio\examples\Python\src\chromedriver.exe

The above exception was the direct cause of the following exception:

Traceback (most recent call last):
  File "C:\repositorio\examples\Python\src\servicio.py", line 55, in loginGuardar
    driver = webdriver.Chrome(options=options, service=service)
  File "c:\repositorio\examples\Python\.venv\Lib\site-packages\selenium\webdriver\chrome\webdriver.py", line 47, in __init__
    super().__init__(
    ~~~~~~~~~~~~~~~~^
        browser_name=DesiredCapabilities.CHROME["browserName"],
        ^^^^^^^^^^^^^^^^^^^^^^^^^^^^^^^^^^^^^^^^^^^^^^^^^^^^^^^
    ...<3 lines>...
        keep_alive=keep_alive,
        ^^^^^^^^^^^^^^^^^^^^^^
    )
    ^
  File "c:\repositorio\examples\Python\.venv\Lib\site-packages\selenium\webdriver\chromium\webdriver.py", line 53, in __init__
    if finder.get_browser_path():
       ~~~~~~~~~~~~~~~~~~~~~~~^^
  File "c:\repositorio\examples\Python\.venv\Lib\site-packages\selenium\webdriver\common\driver_finder.py", line 47, in get_browser_path
    return self._binary_paths()["browser_path"]
           ~~~~~~~~~~~~~~~~~~^^
  File "c:\repositorio\examples\Python\.venv\Lib\site-packages\selenium\webdriver\common\driver_finder.py", line 78, in _binary_paths
    raise NoSuchDriverException(msg) from err
selenium.common.exceptions.NoSuchDriverException: Message: Unable to obtain driver for chrome; For documentation on this error, please visit: https://www.selenium.dev/documentation/webdriver/troubleshooting/errors/driver_location


During handling of the above exception, another exception occurred:

Traceback (most recent call last):
  File "C:\repositorio\examples\Python\src\servicio.py", line 283, in <module>
    tareaDiaria()
    ~~~~~~~~~~~^^
  File "C:\repositorio\examples\Python\src\servicio.py", line 269, in tareaDiaria
    realizarFichajes()
    ~~~~~~~~~~~~~~~~^^
  File "C:\repositorio\examples\Python\src\servicio.py", line 178, in realizarFichajes
    loginGuardar()
    ~~~~~~~~~~~~^^
  File "C:\repositorio\examples\Python\src\servicio.py", line 95, in loginGuardar
    if driver:
       ^^^^^^
UnboundLocalError: cannot access local variable 'driver' where it is not associated with a value
2025-07-29 18:26:25,428 - INFO - Servicio iniciado. Se ejecutará la tarea diaria del 2025-07-29.
2025-07-29 18:26:25,429 - INFO - Ejecutando tarea diaria de fichaje...
2025-07-29 18:26:25,430 - INFO - Inicio de login con Selenium
2025-07-29 18:27:10,063 - INFO - Servicio iniciado. Se ejecutará la tarea diaria del 2025-07-29.
2025-07-29 18:27:10,065 - INFO - Ejecutando tarea diaria de fichaje...
2025-07-29 18:27:10,066 - INFO - Inicio de login con Selenium
2025-07-29 18:27:37,461 - INFO - Login completado. Cookies y token guardados.
2025-07-29 18:28:58,265 - WARNING - Ya existen fichajes de hoy.
2025-07-29 18:28:58,266 - INFO - Tarea diaria finalizada.
2025-07-30 08:59:15,904 - INFO - Servicio iniciado. Se ejecutará la tarea diaria del 2025-07-30.
2025-07-30 08:59:16,481 - INFO - Ejecutando tarea diaria de fichaje...
2025-07-30 08:59:16,482 - INFO - Inicio de login con Selenium
2025-07-30 09:00:12,758 - INFO - Login completado. Cookies y token guardados.
2025-07-30 09:00:52,346 - INFO - Fichajes programados para hoy:
2025-07-30 09:00:52,347 - INFO -  - CLOCKIN → 08:31 (2025-07-30T08:31:00+02:00)
2025-07-30 09:00:52,348 - INFO -  - CLOCKOUT → 14:26 (2025-07-30T14:26:00+02:00)
2025-07-30 09:00:52,348 - INFO -  - CLOCKIN → 15:32 (2025-07-30T15:32:00+02:00)
2025-07-30 09:00:52,349 - INFO -  - CLOCKOUT → 18:05 (2025-07-30T18:05:00+02:00)
2025-07-30 09:02:37,580 - INFO - Servicio iniciado. Se ejecutará la tarea diaria del 2025-07-30.
2025-07-30 09:02:37,864 - INFO - Ejecutando tarea diaria de fichaje...
2025-07-30 09:02:37,865 - INFO - Inicio de login con Selenium
2025-07-30 09:02:55,031 - INFO - Login completado. Cookies y token guardados.
2025-07-30 09:03:22,648 - INFO - Fichajes programados para hoy:
2025-07-30 09:03:46,633 - INFO -  - CLOCKIN → 08:36 (2025-07-30T08:36:00+02:00)
2025-07-30 09:04:23,973 - INFO -  - CLOCKOUT → 14:33 (2025-07-30T14:33:00+02:00)
2025-07-30 09:05:08,240 - INFO -  - CLOCKIN → 15:24 (2025-07-30T15:24:00+02:00)
2025-07-30 09:05:10,310 - INFO -  - CLOCKOUT → 18:00 (2025-07-30T18:00:00+02:00)
2025-07-30 09:05:24,010 - INFO - ⛔ Fichaje cancelado por el usuario desde consola.
2025-07-30 09:05:24,011 - INFO - Tarea diaria finalizada.
