[INFO] Iniciando catch-up de fichajes Personio...
[INFO] Intento 1/2
[INFO] Chrome Personio no estaba disponible; lanzando instancia dedicada...
[INFO] Chrome Personio disponible en puerto 9222 tras espera 1
2026-04-16 23:45:40 | INFO | Modo catch-up iniciado.
2026-04-16 23:45:40 | INFO | Catch-up: todos los dias laborables recientes estan en el stamp. Nada que hacer.
[INFO] Cerrando Chrome Personio arrancado por esta ejecucion...
[INFO] Chrome Personio cerrado tras finalizar el catch-up
[INFO] Catch-up finalizado con codigo 0
[INFO] Iniciando catch-up de fichajes Personio...
[INFO] Intento 1/2
[INFO] Chrome Personio no estaba disponible; lanzando instancia dedicada...
[INFO] Chrome Personio disponible en puerto 9222 tras espera 1
2026-04-16 23:48:52 | INFO | Modo catch-up iniciado.
2026-04-16 23:48:52 | INFO | Catch-up: todos los dias laborables recientes estan en el stamp. Nada que hacer.
[INFO] Cerrando Chrome Personio arrancado por esta ejecucion...
[INFO] Chrome Personio cerrado tras finalizar el catch-up
[INFO] Catch-up finalizado con codigo 0
[INFO] Iniciando catch-up de fichajes Personio...
[INFO] Intento 1/2
[INFO] Chrome Personio no estaba disponible; lanzando instancia dedicada...
[INFO] Chrome Personio disponible en puerto 9222 tras espera 1
2026-04-16 23:55:15 | INFO | Modo catch-up iniciado.
2026-04-16 23:55:15 | INFO | Catch-up: todos los dias laborables recientes estan en el stamp. Nada que hacer.
[INFO] Cerrando Chrome Personio arrancado por esta ejecucion...
[INFO] Chrome Personio cerrado tras finalizar el catch-up
[INFO] Catch-up finalizado con codigo 0
[INFO] Iniciando catch-up de fichajes Personio...
[INFO] Intento 1/2
[INFO] Chrome Personio no estaba disponible; lanzando instancia dedicada...
[INFO] Chrome Personio disponible en puerto 9222 tras espera 1
2026-04-16 23:56:10 | INFO | Modo catch-up iniciado.
2026-04-16 23:56:10 | INFO | Catch-up: 1 dia(s) sin confirmar en stamp: 2026-04-14
2026-04-16 23:56:10 | INFO | Catch-up: procesando 2026-04-14...
2026-04-16 23:56:10 | INFO | Iniciando servicio de fichajes Personio...
2026-04-16 23:56:10 | INFO | Modo fecha unica activo: SOLO_FECHA=2026-04-14
2026-04-16 23:56:10 | INFO | Confirmacion omitida: entorno no interactivo (tarea programada/servicio).
2026-04-16 23:56:11 | INFO | Sesion reutilizada desde cookies persistidas.
2026-04-16 23:56:11 | INFO | Sesion autenticada y lista.
2026-04-16 23:56:19 | INFO | Pesta±a nueva abierta en Chrome existente.
2026-04-16 23:56:22 | INFO | Fila localizada por fecha visible=2026-04-14: label_visible='14 abr', datetime_html=2026-04-13
2026-04-16 23:56:22 | INFO | Filtrado por SOLO_FECHA=2026-04-14: 1 fila objetivo
2026-04-16 23:56:22 | INFO | Inicio de procesamiento: 1 filas candidatas
2026-04-16 23:56:22 | INFO | Progreso 1/1: revisando label='14 abr', fecha_visible=2026-04-14, datetime_html=2026-04-13, dia=mar
2026-04-16 23:56:22 | WARNING | Saltando label='14 abr', fecha_visible=2026-04-14, datetime_html=2026-04-13: estado aprobado/confirmado (dia ya imputado, no editable)
2026-04-16 23:56:22 | INFO | Fichaje de 2026-04-14 registrado en stamp file.
2026-04-16 23:56:22 | INFO | Catch-up completado: todos los dias procesados correctamente.
[INFO] Cerrando Chrome Personio arrancado por esta ejecucion...
[INFO] Chrome Personio cerrado tras finalizar el catch-up
[INFO] Catch-up finalizado con codigo 0
[INFO] Iniciando catch-up de fichajes Personio...
[INFO] Intento 1/2
[INFO] Chrome Personio no estaba disponible; lanzando instancia dedicada...
[INFO] Chrome Personio disponible en puerto 9222 tras espera 1
2026-04-16 23:57:34 | INFO | Modo catch-up iniciado.
2026-04-16 23:57:34 | INFO | Catch-up: 1 dia(s) sin confirmar en stamp: 2026-04-15
2026-04-16 23:57:34 | INFO | Catch-up: procesando 2026-04-15...
2026-04-16 23:57:34 | INFO | Iniciando servicio de fichajes Personio...
2026-04-16 23:57:34 | INFO | Modo fecha unica activo: SOLO_FECHA=2026-04-15
2026-04-16 23:57:34 | INFO | Confirmacion omitida: entorno no interactivo (tarea programada/servicio).
2026-04-16 23:57:35 | INFO | Sesion reutilizada desde cookies persistidas.
2026-04-16 23:57:35 | INFO | Sesion autenticada y lista.
2026-04-16 23:57:43 | INFO | Pesta±a nueva abierta en Chrome existente.
2026-04-16 23:57:47 | INFO | Fila localizada por fecha visible=2026-04-15: label_visible='15 abr', datetime_html=2026-04-14
2026-04-16 23:57:47 | INFO | Filtrado por SOLO_FECHA=2026-04-15: 1 fila objetivo
2026-04-16 23:57:47 | INFO | Inicio de procesamiento: 1 filas candidatas
2026-04-16 23:57:47 | INFO | Progreso 1/1: revisando label='15 abr', fecha_visible=2026-04-15, datetime_html=2026-04-14, dia=miÚ
2026-04-16 23:57:47 | INFO | Intentando rellenar label='15 abr', fecha_visible=2026-04-15, datetime_html=2026-04-14
2026-04-16 23:57:47 | INFO | Abriendo dia 15 abr (miÚ)
2026-04-16 23:57:59 | INFO | Guardado completado para 15 abr (verificado: estado_aprobado)
2026-04-16 23:57:59 | INFO | Fin de intento OK para label='15 abr', fecha_visible=2026-04-15, datetime_html=2026-04-14
2026-04-16 23:58:00 | INFO | Fichaje de 2026-04-15 registrado en stamp file.
2026-04-16 23:58:00 | INFO | Catch-up completado: todos los dias procesados correctamente.
[INFO] Cerrando Chrome Personio arrancado por esta ejecucion...
[INFO] Chrome Personio cerrado tras finalizar el catch-up
[INFO] Catch-up finalizado con codigo 0
[INFO] Iniciando catch-up de fichajes Personio (usa headless si asi esta configurado)...
[INFO] Intento 1/2
2026-04-17 00:04:05 | INFO | Modo catch-up iniciado.
2026-04-17 00:04:05 | INFO | Catch-up: 1 dia(s) sin confirmar en stamp: 2026-04-16
2026-04-17 00:04:05 | INFO | Catch-up: procesando 2026-04-16...
2026-04-17 00:04:05 | INFO | Iniciando servicio de fichajes Personio...
2026-04-17 00:04:05 | INFO | Modo fecha unica activo: SOLO_FECHA=2026-04-16
2026-04-17 00:04:05 | INFO | Confirmacion omitida: entorno no interactivo (tarea programada/servicio).
2026-04-17 00:04:06 | INFO | Sesion reutilizada desde cookies persistidas.
2026-04-17 00:04:06 | INFO | Sesion autenticada y lista.
2026-04-17 00:04:24 | INFO | Fila localizada por fecha visible=2026-04-16: label_visible='16 abr', datetime_html=2026-04-15
2026-04-17 00:04:24 | INFO | Filtrado por SOLO_FECHA=2026-04-16: 1 fila objetivo
2026-04-17 00:04:24 | INFO | Inicio de procesamiento: 1 filas candidatas
2026-04-17 00:04:24 | INFO | Progreso 1/1: revisando label='16 abr', fecha_visible=2026-04-16, datetime_html=2026-04-15, dia=jue
2026-04-17 00:04:24 | WARNING | Saltando label='16 abr', fecha_visible=2026-04-16, datetime_html=2026-04-15: estado aprobado/confirmado (dia ya imputado, no editable)
2026-04-17 00:04:27 | INFO | Fichaje de 2026-04-16 registrado en stamp file.
2026-04-17 00:04:27 | INFO | Catch-up completado: todos los dias procesados correctamente.
[INFO] Catch-up finalizado con codigo 0
