[INFO] Iniciando tarea programada para SOLO_FECHA=2026-03-23
[INFO] Intento 1/2
[INFO] Chrome Personio no estaba disponible; lanzando instancia dedicada...
[INFO] Chrome Personio disponible en puerto 9222 tras espera 1
2026-03-23 21:18:37 | INFO | Iniciando servicio de fichajes Personio...
2026-03-23 21:18:38 | INFO | Sesion reutilizada desde cookies persistidas.
2026-03-23 21:18:38 | INFO | Sesion autenticada y lista.
2026-03-23 21:18:38 | INFO | Conectando a Chrome existente en puerto 9222.
2026-03-23 21:18:43 | INFO | Pesta±a nueva abierta en Chrome existente.
2026-03-23 21:18:43 | INFO | Chrome listo en URL: https://unikaltech.app.personio.com/attendance/employee/34815582?hideEmployeeHeader=true
2026-03-23 21:18:43 | INFO | Modo fecha unica activo: SOLO_FECHA=2026-03-23
2026-03-23 21:18:46 | INFO | Fila localizada por fecha visible=2026-03-23: label_visible='23 mar', datetime_html=2026-03-22
2026-03-23 21:18:46 | INFO | Filtrado por SOLO_FECHA=2026-03-23: 1 fila objetivo
2026-03-23 21:18:46 | INFO | Inicio de procesamiento: 1 filas candidatas
2026-03-23 21:18:46 | INFO | Progreso 1/1: revisando label='23 mar', fecha_visible=2026-03-23, datetime_html=2026-03-22, dia=lun
2026-03-23 21:18:46 | INFO | Saltando label='23 mar', fecha_visible=2026-03-23, datetime_html=2026-03-22: ya tiene horas registradas (estado_aprobado)
[INFO] Cerrando Chrome Personio arrancado por esta ejecucion...
[INFO] Chrome Personio cerrado tras finalizar la tarea
[INFO] Tarea finalizada con codigo 0
[INFO] Iniciando tarea programada para SOLO_FECHA=2026-03-23
[INFO] Intento 1/2
[INFO] Chrome Personio no estaba disponible; lanzando instancia dedicada...
[INFO] Chrome Personio disponible en puerto 9222 tras espera 1
2026-03-23 21:24:23 | INFO | Iniciando servicio de fichajes Personio...
2026-03-23 21:24:23 | INFO | Sesion reutilizada desde cookies persistidas.
2026-03-23 21:24:23 | INFO | Sesion autenticada y lista.
2026-03-23 21:24:23 | INFO | Conectando a Chrome existente en puerto 9222.
2026-03-23 21:24:35 | INFO | Pesta±a nueva abierta en Chrome existente.
2026-03-23 21:24:35 | INFO | Chrome listo en URL: https://unikaltech.app.personio.com/attendance/employee/34815582?hideEmployeeHeader=true
2026-03-23 21:24:35 | INFO | Modo fecha unica activo: SOLO_FECHA=2026-03-23
2026-03-23 21:24:39 | INFO | Fila localizada por fecha visible=2026-03-23: label_visible='23 mar', datetime_html=2026-03-22
2026-03-23 21:24:39 | INFO | Filtrado por SOLO_FECHA=2026-03-23: 1 fila objetivo
2026-03-23 21:24:39 | INFO | Inicio de procesamiento: 1 filas candidatas
2026-03-23 21:24:39 | INFO | Progreso 1/1: revisando label='23 mar', fecha_visible=2026-03-23, datetime_html=2026-03-22, dia=lun
2026-03-23 21:24:39 | INFO | Intentando rellenar label='23 mar', fecha_visible=2026-03-23, datetime_html=2026-03-22
2026-03-23 21:24:39 | INFO | Abriendo dia 23 mar (lun)
2026-03-23 21:24:52 | INFO | Guardado completado para 23 mar
2026-03-23 21:24:52 | INFO | Fin de intento para label='23 mar', fecha_visible=2026-03-23, datetime_html=2026-03-22
[INFO] Cerrando Chrome Personio arrancado por esta ejecucion...
[INFO] Chrome Personio cerrado tras finalizar la tarea
[INFO] Tarea finalizada con codigo 0
[INFO] Iniciando tarea programada para SOLO_FECHA=2026-03-24
[INFO] Intento 1/2
[INFO] Chrome Personio no estaba disponible; lanzando instancia dedicada...
[INFO] Chrome Personio disponible en puerto 9222 tras espera 1
2026-03-24 17:50:27 | INFO | Iniciando servicio de fichajes Personio...
2026-03-24 17:50:28 | INFO | Realizando login SSO en Personio...
2026-03-24 17:50:37 | INFO | Conectado a Chrome existente en puerto 9222.
2026-03-24 17:51:08 | INFO | Revisando estado de sesion en Chrome existente y avanzando login SSO si aparece.
2026-03-24 17:57:10 | ERROR | Error en servicio Personio: Error durante login SSO: Timeout esperando login SSO/MFA. Revisa credenciales o completa MFA en ventana del navegador.
Traceback (most recent call last):

  File "C:\repositorio\examples\Python2\personio_fichajes\src\auth.py", line 259, in _login_sso_con_selenium
    self._esperar_login_exitoso(driver)
    |    |                      -> <selenium.webdriver.chrome.webdriver.WebDriver (session="f0e0e0780c8818c2d2e9b6f58cdad3ec")>
    |    -> <function AuthManager._esperar_login_exitoso at 0x0000021FAD75A340>
    -> <src.auth.AuthManager object at 0x0000021FAD8A63C0>

  File "C:\repositorio\examples\Python2\personio_fichajes\src\auth.py", line 306, in _esperar_login_exitoso
    raise AuthError(
          -> <class 'src.auth.AuthError'>

src.auth.AuthError: Timeout esperando login SSO/MFA. Revisa credenciales o completa MFA en ventana del navegador.


The above exception was the direct cause of the following exception:


Traceback (most recent call last):

  File "<frozen runpy>", line 198, in _run_module_as_main
  File "<frozen runpy>", line 88, in _run_code

  File "C:\repositorio\examples\Python2\personio_fichajes\src\servicio.py", line 88, in <module>
    main()
    -> <function main at 0x0000021FAD34D800>

> File "C:\repositorio\examples\Python2\personio_fichajes\src\servicio.py", line 80, in main
    ejecutar_fichaje_diario()
    -> <function ejecutar_fichaje_diario at 0x0000021FAC97D4E0>

  File "C:\repositorio\examples\Python2\personio_fichajes\src\servicio.py", line 56, in ejecutar_fichaje_diario
    auth.ensure_authenticated(session)
    |    |                    -> <requests.sessions.Session object at 0x0000021FAD8A5FD0>
    |    -> <function AuthManager.ensure_authenticated at 0x0000021FAD44CCC0>
    -> <src.auth.AuthManager object at 0x0000021FAD8A63C0>

  File "C:\repositorio\examples\Python2\personio_fichajes\src\auth.py", line 44, in ensure_authenticated
    self._login_sso_con_selenium(session)
    |    |                       -> <requests.sessions.Session object at 0x0000021FAD8A5FD0>
    |    -> <function AuthManager._login_sso_con_selenium at 0x0000021FAD75A2A0>
    -> <src.auth.AuthManager object at 0x0000021FAD8A63C0>

  File "C:\repositorio\examples\Python2\personio_fichajes\src\auth.py", line 275, in _login_sso_con_selenium
    raise AuthError(f"Error durante login SSO: {exc}") from exc
          -> <class 'src.auth.AuthError'>

src.auth.AuthError: Error durante login SSO: Timeout esperando login SSO/MFA. Revisa credenciales o completa MFA en ventana del navegador.
[WARNING] Ejecucion con codigo 1. Reintentando en 20s...
[INFO] Intento 2/2
[INFO] Chrome Personio ya estaba disponible en puerto 9222
2026-03-24 17:57:36 | INFO | Iniciando servicio de fichajes Personio...
2026-03-24 17:57:37 | INFO | Realizando login SSO en Personio...
2026-03-24 17:57:41 | INFO | Conectado a Chrome existente en puerto 9222.
2026-03-24 17:58:12 | INFO | Revisando estado de sesion en Chrome existente y avanzando login SSO si aparece.
2026-03-24 18:04:13 | ERROR | Error en servicio Personio: Error durante login SSO: Timeout esperando login SSO/MFA. Revisa credenciales o completa MFA en ventana del navegador.
Traceback (most recent call last):

  File "C:\repositorio\examples\Python2\personio_fichajes\src\auth.py", line 259, in _login_sso_con_selenium
    self._esperar_login_exitoso(driver)
    |    |                      -> <selenium.webdriver.chrome.webdriver.WebDriver (session="bdca273b646eb2b6c7104d267264a685")>
    |    -> <function AuthManager._esperar_login_exitoso at 0x0000026F4501A340>
    -> <src.auth.AuthManager object at 0x0000026F451563C0>

  File "C:\repositorio\examples\Python2\personio_fichajes\src\auth.py", line 306, in _esperar_login_exitoso
    raise AuthError(
          -> <class 'src.auth.AuthError'>

src.auth.AuthError: Timeout esperando login SSO/MFA. Revisa credenciales o completa MFA en ventana del navegador.


The above exception was the direct cause of the following exception:


Traceback (most recent call last):

  File "<frozen runpy>", line 198, in _run_module_as_main
  File "<frozen runpy>", line 88, in _run_code

  File "C:\repositorio\examples\Python2\personio_fichajes\src\servicio.py", line 88, in <module>
    main()
    -> <function main at 0x0000026F42B3D800>

> File "C:\repositorio\examples\Python2\personio_fichajes\src\servicio.py", line 80, in main
    ejecutar_fichaje_diario()
    -> <function ejecutar_fichaje_diario at 0x0000026F420CD4E0>

  File "C:\repositorio\examples\Python2\personio_fichajes\src\servicio.py", line 56, in ejecutar_fichaje_diario
    auth.ensure_authenticated(session)
    |    |                    -> <requests.sessions.Session object at 0x0000026F45155FD0>
    |    -> <function AuthManager.ensure_authenticated at 0x0000026F42C3CCC0>
    -> <src.auth.AuthManager object at 0x0000026F451563C0>

  File "C:\repositorio\examples\Python2\personio_fichajes\src\auth.py", line 44, in ensure_authenticated
    self._login_sso_con_selenium(session)
    |    |                       -> <requests.sessions.Session object at 0x0000026F45155FD0>
    |    -> <function AuthManager._login_sso_con_selenium at 0x0000026F4501A2A0>
    -> <src.auth.AuthManager object at 0x0000026F451563C0>

  File "C:\repositorio\examples\Python2\personio_fichajes\src\auth.py", line 275, in _login_sso_con_selenium
    raise AuthError(f"Error durante login SSO: {exc}") from exc
          -> <class 'src.auth.AuthError'>

src.auth.AuthError: Error durante login SSO: Timeout esperando login SSO/MFA. Revisa credenciales o completa MFA en ventana del navegador.
[INFO] Cerrando Chrome Personio arrancado por esta ejecucion...
[INFO] Chrome Personio cerrado tras finalizar la tarea
[INFO] Tarea finalizada con codigo 1
[INFO] Iniciando tarea programada para SOLO_FECHA=2026-03-24
[INFO] Intento 1/2
[INFO] Chrome Personio no estaba disponible; lanzando instancia dedicada...
[INFO] Chrome Personio disponible en puerto 9222 tras espera 1
2026-03-24 10:34:43 | INFO | Iniciando servicio de fichajes Personio...
2026-03-24 10:34:46 | INFO | Realizando login SSO en Personio...
2026-03-24 10:34:56 | INFO | Conectado a Chrome existente en puerto 9222.
2026-03-24 10:35:33 | INFO | Revisando estado de sesion en Chrome existente y avanzando login SSO si aparece.
2026-03-24 10:35:34 | INFO | Boton de login detectado en Personio y pulsado automaticamente.
2026-03-24 10:36:11 | INFO | Boton de login detectado en Personio y pulsado automaticamente.
2026-03-24 10:36:16 | INFO | Boton de login detectado en Personio y pulsado automaticamente.
2026-03-24 10:36:22 | INFO | Boton de login detectado en Personio y pulsado automaticamente.
2026-03-24 10:36:27 | INFO | Boton de login detectado en Personio y pulsado automaticamente.
2026-03-24 10:36:33 | INFO | Boton de login detectado en Personio y pulsado automaticamente.
2026-03-24 10:36:38 | INFO | Boton de login detectado en Personio y pulsado automaticamente.
2026-03-24 10:36:44 | INFO | Boton de login detectado en Personio y pulsado automaticamente.
2026-03-24 10:36:50 | INFO | Boton de login detectado en Personio y pulsado automaticamente.
2026-03-24 10:36:55 | INFO | Boton de login detectado en Personio y pulsado automaticamente.
2026-03-24 10:37:01 | INFO | Boton de login detectado en Personio y pulsado automaticamente.
2026-03-24 10:37:07 | INFO | Boton de login detectado en Personio y pulsado automaticamente.
2026-03-24 10:37:13 | INFO | Boton de login detectado en Personio y pulsado automaticamente.
2026-03-24 10:37:18 | INFO | Boton de login detectado en Personio y pulsado automaticamente.
2026-03-24 10:37:24 | INFO | Boton de login detectado en Personio y pulsado automaticamente.
2026-03-24 10:37:30 | INFO | Boton de login detectado en Personio y pulsado automaticamente.
2026-03-24 10:37:36 | INFO | Boton de login detectado en Personio y pulsado automaticamente.
2026-03-24 10:37:42 | INFO | Boton de login detectado en Personio y pulsado automaticamente.
2026-03-24 10:37:48 | INFO | Boton de login detectado en Personio y pulsado automaticamente.
2026-03-24 10:37:54 | INFO | Boton de login detectado en Personio y pulsado automaticamente.
2026-03-24 10:38:00 | INFO | Boton de login detectado en Personio y pulsado automaticamente.
2026-03-24 10:38:05 | INFO | Boton de login detectado en Personio y pulsado automaticamente.
2026-03-24 10:38:11 | INFO | Boton de login detectado en Personio y pulsado automaticamente.
2026-03-24 10:38:18 | INFO | Boton de login detectado en Personio y pulsado automaticamente.
2026-03-24 10:38:23 | INFO | Boton de login detectado en Personio y pulsado automaticamente.
2026-03-24 10:38:29 | INFO | Boton de login detectado en Personio y pulsado automaticamente.
2026-03-24 10:38:35 | INFO | Boton de login detectado en Personio y pulsado automaticamente.
2026-03-24 10:38:41 | INFO | Boton de login detectado en Personio y pulsado automaticamente.
2026-03-24 10:38:47 | INFO | Boton de login detectado en Personio y pulsado automaticamente.
2026-03-24 10:38:52 | INFO | Boton de login detectado en Personio y pulsado automaticamente.
2026-03-24 10:38:58 | INFO | Boton de login detectado en Personio y pulsado automaticamente.
2026-03-24 10:39:03 | INFO | Boton de login detectado en Personio y pulsado automaticamente.
2026-03-24 10:39:09 | INFO | Boton de login detectado en Personio y pulsado automaticamente.
2026-03-24 10:39:14 | INFO | Boton de login detectado en Personio y pulsado automaticamente.
2026-03-24 10:39:20 | INFO | Boton de login detectado en Personio y pulsado automaticamente.
2026-03-24 10:39:28 | INFO | Boton de login detectado en Personio y pulsado automaticamente.
2026-03-24 10:39:34 | INFO | Boton de login detectado en Personio y pulsado automaticamente.
2026-03-24 10:39:40 | INFO | Boton de login detectado en Personio y pulsado automaticamente.
2026-03-24 10:39:46 | INFO | Boton de login detectado en Personio y pulsado automaticamente.
2026-03-24 10:39:52 | INFO | Boton de login detectado en Personio y pulsado automaticamente.
2026-03-24 10:39:58 | INFO | Boton de login detectado en Personio y pulsado automaticamente.
2026-03-24 10:40:03 | INFO | Boton de login detectado en Personio y pulsado automaticamente.
2026-03-24 10:40:09 | INFO | Boton de login detectado en Personio y pulsado automaticamente.
2026-03-24 10:40:15 | INFO | Boton de login detectado en Personio y pulsado automaticamente.
2026-03-24 10:40:22 | INFO | Boton de login detectado en Personio y pulsado automaticamente.
2026-03-24 10:40:28 | INFO | Boton de login detectado en Personio y pulsado automaticamente.
2026-03-24 10:40:34 | INFO | Boton de login detectado en Personio y pulsado automaticamente.
2026-03-24 10:40:40 | INFO | Boton de login detectado en Personio y pulsado automaticamente.
2026-03-24 10:40:46 | INFO | Boton de login detectado en Personio y pulsado automaticamente.
2026-03-24 10:40:52 | INFO | Boton de login detectado en Personio y pulsado automaticamente.
2026-03-24 10:40:58 | INFO | Boton de login detectado en Personio y pulsado automaticamente.
2026-03-24 10:41:04 | INFO | Boton de login detectado en Personio y pulsado automaticamente.
2026-03-24 10:41:10 | INFO | Boton de login detectado en Personio y pulsado automaticamente.
2026-03-24 10:41:16 | INFO | Boton de login detectado en Personio y pulsado automaticamente.
2026-03-24 10:41:22 | INFO | Boton de login detectado en Personio y pulsado automaticamente.
2026-03-24 10:41:28 | INFO | Boton de login detectado en Personio y pulsado automaticamente.
2026-03-24 10:41:34 | ERROR | Error en servicio Personio: Error durante login SSO: Timeout esperando login SSO/MFA. Revisa credenciales o completa MFA en ventana del navegador.
Traceback (most recent call last):

  File "C:\repositorio\examples\Python2\personio_fichajes\src\auth.py", line 259, in _login_sso_con_selenium
    self._esperar_login_exitoso(driver)
    |    |                      -> <selenium.webdriver.chrome.webdriver.WebDriver (session="bf5488416fa4509a368253c0754b2ff2")>
    |    -> <function AuthManager._esperar_login_exitoso at 0x0000029EE351A340>
    -> <src.auth.AuthManager object at 0x0000029EE36563C0>

  File "C:\repositorio\examples\Python2\personio_fichajes\src\auth.py", line 306, in _esperar_login_exitoso
    raise AuthError(
          -> <class 'src.auth.AuthError'>

src.auth.AuthError: Timeout esperando login SSO/MFA. Revisa credenciales o completa MFA en ventana del navegador.


The above exception was the direct cause of the following exception:


Traceback (most recent call last):

  File "<frozen runpy>", line 198, in _run_module_as_main
  File "<frozen runpy>", line 88, in _run_code

  File "C:\repositorio\examples\Python2\personio_fichajes\src\servicio.py", line 88, in <module>
    main()
    -> <function main at 0x0000029EE313D800>

> File "C:\repositorio\examples\Python2\personio_fichajes\src\servicio.py", line 80, in main
    ejecutar_fichaje_diario()
    -> <function ejecutar_fichaje_diario at 0x0000029EE163D4E0>

  File "C:\repositorio\examples\Python2\personio_fichajes\src\servicio.py", line 56, in ejecutar_fichaje_diario
    auth.ensure_authenticated(session)
    |    |                    -> <requests.sessions.Session object at 0x0000029EE3655FD0>
    |    -> <function AuthManager.ensure_authenticated at 0x0000029EE322CCC0>
    -> <src.auth.AuthManager object at 0x0000029EE36563C0>

  File "C:\repositorio\examples\Python2\personio_fichajes\src\auth.py", line 44, in ensure_authenticated
    self._login_sso_con_selenium(session)
    |    |                       -> <requests.sessions.Session object at 0x0000029EE3655FD0>
    |    -> <function AuthManager._login_sso_con_selenium at 0x0000029EE351A2A0>
    -> <src.auth.AuthManager object at 0x0000029EE36563C0>

  File "C:\repositorio\examples\Python2\personio_fichajes\src\auth.py", line 275, in _login_sso_con_selenium
    raise AuthError(f"Error durante login SSO: {exc}") from exc
          -> <class 'src.auth.AuthError'>

src.auth.AuthError: Error durante login SSO: Timeout esperando login SSO/MFA. Revisa credenciales o completa MFA en ventana del navegador.
[WARNING] Ejecucion con codigo 1. Reintentando en 20s...
[INFO] Intento 2/2
[INFO] Chrome Personio ya estaba disponible en puerto 9222
2026-03-24 10:41:59 | INFO | Iniciando servicio de fichajes Personio...
2026-03-24 10:42:03 | INFO | Realizando login SSO en Personio...
2026-03-24 10:42:10 | INFO | Conectado a Chrome existente en puerto 9222.
2026-03-24 10:42:42 | INFO | Revisando estado de sesion en Chrome existente y avanzando login SSO si aparece.
2026-03-24 10:42:42 | INFO | Boton de login detectado en Personio y pulsado automaticamente.
2026-03-24 10:42:48 | INFO | Boton de login detectado en Personio y pulsado automaticamente.
2026-03-24 10:42:54 | INFO | Boton de login detectado en Personio y pulsado automaticamente.
2026-03-24 10:42:59 | INFO | Boton de login detectado en Personio y pulsado automaticamente.
2026-03-24 10:43:05 | INFO | Boton de login detectado en Personio y pulsado automaticamente.
2026-03-24 10:43:11 | INFO | Boton de login detectado en Personio y pulsado automaticamente.
2026-03-24 10:43:17 | INFO | Boton de login detectado en Personio y pulsado automaticamente.
2026-03-24 10:43:23 | INFO | Boton de login detectado en Personio y pulsado automaticamente.
2026-03-24 10:43:28 | INFO | Boton de login detectado en Personio y pulsado automaticamente.
2026-03-24 10:43:34 | INFO | Boton de login detectado en Personio y pulsado automaticamente.
2026-03-24 10:43:40 | INFO | Boton de login detectado en Personio y pulsado automaticamente.
2026-03-24 10:43:46 | INFO | Boton de login detectado en Personio y pulsado automaticamente.
2026-03-24 10:43:52 | INFO | Boton de login detectado en Personio y pulsado automaticamente.
2026-03-24 10:43:58 | INFO | Boton de login detectado en Personio y pulsado automaticamente.
2026-03-24 10:44:03 | INFO | Boton de login detectado en Personio y pulsado automaticamente.
2026-03-24 10:44:09 | INFO | Boton de login detectado en Personio y pulsado automaticamente.
2026-03-24 10:44:15 | INFO | Boton de login detectado en Personio y pulsado automaticamente.
2026-03-24 10:44:21 | INFO | Boton de login detectado en Personio y pulsado automaticamente.
2026-03-24 10:44:27 | INFO | Boton de login detectado en Personio y pulsado automaticamente.
2026-03-24 10:44:33 | INFO | Boton de login detectado en Personio y pulsado automaticamente.
2026-03-24 10:44:38 | INFO | Boton de login detectado en Personio y pulsado automaticamente.
2026-03-24 10:44:59 | INFO | Boton de login detectado en Personio y pulsado automaticamente.
2026-03-24 10:45:05 | INFO | Boton de login detectado en Personio y pulsado automaticamente.
2026-03-24 10:45:11 | INFO | Boton de login detectado en Personio y pulsado automaticamente.
2026-03-24 10:45:17 | INFO | Boton de login detectado en Personio y pulsado automaticamente.
2026-03-24 10:45:23 | INFO | Boton de login detectado en Personio y pulsado automaticamente.
2026-03-24 10:45:29 | INFO | Boton de login detectado en Personio y pulsado automaticamente.
2026-03-24 10:45:34 | INFO | Boton de login detectado en Personio y pulsado automaticamente.
2026-03-24 10:45:40 | INFO | Boton de login detectado en Personio y pulsado automaticamente.
2026-03-24 10:45:46 | INFO | Boton de login detectado en Personio y pulsado automaticamente.
2026-03-24 10:45:51 | INFO | Boton de login detectado en Personio y pulsado automaticamente.
2026-03-24 10:45:57 | INFO | Boton de login detectado en Personio y pulsado automaticamente.
2026-03-24 10:46:02 | INFO | Boton de login detectado en Personio y pulsado automaticamente.
2026-03-24 10:46:08 | INFO | Boton de login detectado en Personio y pulsado automaticamente.
2026-03-24 10:46:14 | INFO | Boton de login detectado en Personio y pulsado automaticamente.
2026-03-24 10:46:20 | INFO | Boton de login detectado en Personio y pulsado automaticamente.
2026-03-24 10:46:26 | INFO | Boton de login detectado en Personio y pulsado automaticamente.
2026-03-24 10:46:31 | INFO | Boton de login detectado en Personio y pulsado automaticamente.
2026-03-24 10:46:37 | INFO | Boton de login detectado en Personio y pulsado automaticamente.
2026-03-24 10:46:42 | INFO | Boton de login detectado en Personio y pulsado automaticamente.
2026-03-24 10:46:48 | INFO | Boton de login detectado en Personio y pulsado automaticamente.
2026-03-24 10:46:54 | INFO | Boton de login detectado en Personio y pulsado automaticamente.
2026-03-24 10:47:00 | INFO | Boton de login detectado en Personio y pulsado automaticamente.
2026-03-24 10:47:06 | INFO | Boton de login detectado en Personio y pulsado automaticamente.
2026-03-24 10:47:11 | INFO | Boton de login detectado en Personio y pulsado automaticamente.
2026-03-24 10:47:18 | INFO | Boton de login detectado en Personio y pulsado automaticamente.
2026-03-24 10:47:23 | INFO | Boton de login detectado en Personio y pulsado automaticamente.
2026-03-24 10:47:29 | INFO | Boton de login detectado en Personio y pulsado automaticamente.
2026-03-24 10:47:35 | INFO | Boton de login detectado en Personio y pulsado automaticamente.
2026-03-24 10:47:41 | INFO | Boton de login detectado en Personio y pulsado automaticamente.
2026-03-24 10:47:46 | INFO | Boton de login detectado en Personio y pulsado automaticamente.
2026-03-24 10:47:52 | INFO | Boton de login detectado en Personio y pulsado automaticamente.
2026-03-24 10:47:58 | INFO | Boton de login detectado en Personio y pulsado automaticamente.
2026-03-24 10:48:04 | INFO | Boton de login detectado en Personio y pulsado automaticamente.
2026-03-24 10:48:10 | INFO | Boton de login detectado en Personio y pulsado automaticamente.
2026-03-24 10:48:16 | INFO | Boton de login detectado en Personio y pulsado automaticamente.
2026-03-24 10:48:21 | INFO | Boton de login detectado en Personio y pulsado automaticamente.
2026-03-24 10:48:27 | INFO | Boton de login detectado en Personio y pulsado automaticamente.
2026-03-24 10:48:33 | INFO | Boton de login detectado en Personio y pulsado automaticamente.
2026-03-24 10:48:39 | INFO | Boton de login detectado en Personio y pulsado automaticamente.
2026-03-24 10:48:44 | ERROR | Error en servicio Personio: Error durante login SSO: Timeout esperando login SSO/MFA. Revisa credenciales o completa MFA en ventana del navegador.
Traceback (most recent call last):

  File "C:\repositorio\examples\Python2\personio_fichajes\src\auth.py", line 259, in _login_sso_con_selenium
    self._esperar_login_exitoso(driver)
    |    |                      -> <selenium.webdriver.chrome.webdriver.WebDriver (session="14aceb338c2d97292351e15311412a89")>
    |    -> <function AuthManager._esperar_login_exitoso at 0x0000018A9021A340>
    -> <src.auth.AuthManager object at 0x0000018A903563C0>

  File "C:\repositorio\examples\Python2\personio_fichajes\src\auth.py", line 306, in _esperar_login_exitoso
    raise AuthError(
          -> <class 'src.auth.AuthError'>

src.auth.AuthError: Timeout esperando login SSO/MFA. Revisa credenciales o completa MFA en ventana del navegador.


The above exception was the direct cause of the following exception:


Traceback (most recent call last):

  File "<frozen runpy>", line 198, in _run_module_as_main
  File "<frozen runpy>", line 88, in _run_code

  File "C:\repositorio\examples\Python2\personio_fichajes\src\servicio.py", line 88, in <module>
    main()
    -> <function main at 0x0000018A8DDED800>

> File "C:\repositorio\examples\Python2\personio_fichajes\src\servicio.py", line 80, in main
    ejecutar_fichaje_diario()
    -> <function ejecutar_fichaje_diario at 0x0000018A8AF6D4E0>

  File "C:\repositorio\examples\Python2\personio_fichajes\src\servicio.py", line 56, in ejecutar_fichaje_diario
    auth.ensure_authenticated(session)
    |    |                    -> <requests.sessions.Session object at 0x0000018A90355FD0>
    |    -> <function AuthManager.ensure_authenticated at 0x0000018A8DEECCC0>
    -> <src.auth.AuthManager object at 0x0000018A903563C0>

  File "C:\repositorio\examples\Python2\personio_fichajes\src\auth.py", line 44, in ensure_authenticated
    self._login_sso_con_selenium(session)
    |    |                       -> <requests.sessions.Session object at 0x0000018A90355FD0>
    |    -> <function AuthManager._login_sso_con_selenium at 0x0000018A9021A2A0>
    -> <src.auth.AuthManager object at 0x0000018A903563C0>

  File "C:\repositorio\examples\Python2\personio_fichajes\src\auth.py", line 275, in _login_sso_con_selenium
    raise AuthError(f"Error durante login SSO: {exc}") from exc
          -> <class 'src.auth.AuthError'>

src.auth.AuthError: Error durante login SSO: Timeout esperando login SSO/MFA. Revisa credenciales o completa MFA en ventana del navegador.
[INFO] Cerrando Chrome Personio arrancado por esta ejecucion...
[INFO] Chrome Personio cerrado tras finalizar la tarea
[INFO] Tarea finalizada con codigo 1
[INFO] Iniciando tarea programada para SOLO_FECHA=2026-03-24
[INFO] Intento 1/2
[INFO] Chrome Personio no estaba disponible; lanzando instancia dedicada...
[INFO] Chrome Personio disponible en puerto 9222 tras espera 1
2026-03-24 11:42:46 | INFO | Iniciando servicio de fichajes Personio...
2026-03-24 11:42:47 | INFO | Realizando login SSO en Personio...
2026-03-24 11:42:54 | INFO | Conectado a Chrome existente en puerto 9222.
2026-03-24 11:43:25 | INFO | Revisando estado de sesion en Chrome existente y avanzando login SSO si aparece.
2026-03-24 11:43:27 | INFO | Boton de login detectado en Personio y pulsado automaticamente: selector=form[data-provider='oidc'] button[type='submit'][data-provider='oidc'], tag=button, provider=oidc, texto=Continuar con usuario Unikal
2026-03-24 11:43:29 | INFO | Click de Personio confirmado con transicion al siguiente paso del SSO.
2026-03-24 11:43:31 | INFO | Autenticacion completada y cookies guardadas.
2026-03-24 11:43:31 | INFO | Sesion autenticada y lista.
2026-03-24 11:43:31 | INFO | Conectando a Chrome existente en puerto 9222.
2026-03-24 11:43:37 | INFO | Pesta±a nueva abierta en Chrome existente.
2026-03-24 11:43:37 | INFO | Chrome listo en URL: https://unikaltech.app.personio.com/attendance/employee/34815582?hideEmployeeHeader=true
2026-03-24 11:43:37 | INFO | Modo fecha unica activo: SOLO_FECHA=2026-03-24
2026-03-24 11:43:40 | INFO | Fila localizada por fecha visible=2026-03-24: label_visible='24 mar', datetime_html=2026-03-23
2026-03-24 11:43:40 | INFO | Filtrado por SOLO_FECHA=2026-03-24: 1 fila objetivo
2026-03-24 11:43:40 | INFO | Inicio de procesamiento: 1 filas candidatas
2026-03-24 11:43:40 | INFO | Progreso 1/1: revisando label='24 mar', fecha_visible=2026-03-24, datetime_html=2026-03-23, dia=mar
2026-03-24 11:43:40 | INFO | Intentando rellenar label='24 mar', fecha_visible=2026-03-24, datetime_html=2026-03-23
2026-03-24 11:43:40 | INFO | Abriendo dia 24 mar (mar)
2026-03-24 11:43:51 | INFO | Guardado completado para 24 mar
2026-03-24 11:43:51 | INFO | Fin de intento para label='24 mar', fecha_visible=2026-03-24, datetime_html=2026-03-23
[INFO] Cerrando Chrome Personio arrancado por esta ejecucion...
[INFO] Chrome Personio cerrado tras finalizar la tarea
[INFO] Tarea finalizada con codigo 0
[INFO] Iniciando tarea programada para SOLO_FECHA=2026-03-25
[INFO] Intento 1/2
[INFO] Chrome Personio no estaba disponible; lanzando instancia dedicada...
[INFO] Chrome Personio disponible en puerto 9222 tras espera 1
2026-03-25 19:07:24 | INFO | Iniciando servicio de fichajes Personio...
2026-03-25 19:07:24 | INFO | Modo fecha unica activo: SOLO_FECHA=2026-03-25
2026-03-25 19:07:24 | INFO | Confirmacion omitida: entorno no interactivo (tarea programada/servicio).
2026-03-25 19:07:25 | INFO | Sesion reutilizada desde cookies persistidas.
2026-03-25 19:07:25 | INFO | Sesion autenticada y lista.
2026-03-25 19:07:30 | INFO | Pesta±a nueva abierta en Chrome existente.
2026-03-25 19:07:33 | INFO | Fila localizada por fecha visible=2026-03-25: label_visible='25 mar', datetime_html=2026-03-24
2026-03-25 19:07:33 | INFO | Filtrado por SOLO_FECHA=2026-03-25: 1 fila objetivo
2026-03-25 19:07:33 | INFO | Inicio de procesamiento: 1 filas candidatas
2026-03-25 19:07:33 | INFO | Progreso 1/1: revisando label='25 mar', fecha_visible=2026-03-25, datetime_html=2026-03-24, dia=miÚ
2026-03-25 19:07:33 | INFO | Intentando rellenar label='25 mar', fecha_visible=2026-03-25, datetime_html=2026-03-24
2026-03-25 19:07:33 | INFO | Abriendo dia 25 mar (miÚ)
2026-03-25 19:07:44 | INFO | Guardado completado para 25 mar (verificado: estado_aprobado)
2026-03-25 19:07:44 | INFO | Fin de intento OK para label='25 mar', fecha_visible=2026-03-25, datetime_html=2026-03-24
[INFO] Cerrando Chrome Personio arrancado por esta ejecucion...
[INFO] Chrome Personio cerrado tras finalizar la tarea
[INFO] Tarea finalizada con codigo 0
[INFO] Iniciando tarea programada para SOLO_FECHA=2026-03-26
[INFO] Intento 1/2
[INFO] Chrome Personio no estaba disponible; lanzando instancia dedicada...
[INFO] Chrome Personio disponible en puerto 9222 tras espera 1
2026-03-26 18:14:06 | INFO | Iniciando servicio de fichajes Personio...
2026-03-26 18:14:06 | INFO | Modo fecha unica activo: SOLO_FECHA=2026-03-26
2026-03-26 18:14:06 | INFO | Confirmacion omitida: entorno no interactivo (tarea programada/servicio).
2026-03-26 18:14:07 | INFO | Realizando login SSO en Personio...
2026-03-26 18:14:22 | INFO | Conectado a Chrome existente en puerto 9222.
2026-03-26 18:14:58 | INFO | Login SSO Personio: pulsando 'Continuar con usuario Unikal'
2026-03-26 18:14:58 | INFO | Click de Personio confirmado con transicion al siguiente paso del SSO.
2026-03-26 18:15:00 | INFO | Autenticacion completada y cookies guardadas.
2026-03-26 18:15:00 | INFO | Sesion autenticada y lista.
2026-03-26 18:15:08 | INFO | Pesta±a nueva abierta en Chrome existente.
2026-03-26 18:15:14 | INFO | Fila localizada por fecha visible=2026-03-26: label_visible='26 mar', datetime_html=2026-03-25
2026-03-26 18:15:14 | INFO | Filtrado por SOLO_FECHA=2026-03-26: 1 fila objetivo
2026-03-26 18:15:14 | INFO | Inicio de procesamiento: 1 filas candidatas
2026-03-26 18:15:14 | INFO | Progreso 1/1: revisando label='26 mar', fecha_visible=2026-03-26, datetime_html=2026-03-25, dia=jue
2026-03-26 18:15:14 | INFO | Intentando rellenar label='26 mar', fecha_visible=2026-03-26, datetime_html=2026-03-25
2026-03-26 18:15:14 | INFO | Abriendo dia 26 mar (jue)
2026-03-26 18:15:27 | INFO | Guardado completado para 26 mar (verificado: estado_aprobado)
2026-03-26 18:15:27 | INFO | Fin de intento OK para label='26 mar', fecha_visible=2026-03-26, datetime_html=2026-03-25
[INFO] Cerrando Chrome Personio arrancado por esta ejecucion...
[INFO] Chrome Personio cerrado tras finalizar la tarea
[INFO] Tarea finalizada con codigo 0
[INFO] Iniciando tarea programada para SOLO_FECHA=2026-03-27
[INFO] Intento 1/2
[INFO] Chrome Personio no estaba disponible; lanzando instancia dedicada...
[INFO] Chrome Personio disponible en puerto 9222 tras espera 1
2026-03-27 14:20:26 | INFO | Iniciando servicio de fichajes Personio...
2026-03-27 14:20:26 | INFO | Modo fecha unica activo: SOLO_FECHA=2026-03-27
2026-03-27 14:20:26 | INFO | Confirmacion omitida: entorno no interactivo (tarea programada/servicio).
2026-03-27 14:20:26 | INFO | Realizando login SSO en Personio...
2026-03-27 14:20:35 | INFO | Conectado a Chrome existente en puerto 9222.
2026-03-27 14:21:11 | INFO | Login SSO Personio: pulsando 'Continuar con usuario Unikal'
2026-03-27 14:21:11 | INFO | Click de Personio confirmado con transicion al siguiente paso del SSO.
2026-03-27 14:21:13 | INFO | Autenticacion completada y cookies guardadas.
2026-03-27 14:21:13 | INFO | Sesion autenticada y lista.
2026-03-27 14:21:18 | INFO | Pesta±a nueva abierta en Chrome existente.
2026-03-27 14:21:21 | INFO | Fila localizada por fecha visible=2026-03-27: label_visible='27 mar', datetime_html=2026-03-26
2026-03-27 14:21:21 | INFO | Filtrado por SOLO_FECHA=2026-03-27: 1 fila objetivo
2026-03-27 14:21:21 | INFO | Inicio de procesamiento: 1 filas candidatas
2026-03-27 14:21:21 | INFO | Progreso 1/1: revisando label='27 mar', fecha_visible=2026-03-27, datetime_html=2026-03-26, dia=vie
2026-03-27 14:21:21 | INFO | Intentando rellenar label='27 mar', fecha_visible=2026-03-27, datetime_html=2026-03-26
2026-03-27 14:21:21 | INFO | Abriendo dia 27 mar (vie)
2026-03-27 14:21:26 | INFO | Guardado completado para 27 mar (verificado: estado_aprobado)
2026-03-27 14:21:26 | INFO | Fin de intento OK para label='27 mar', fecha_visible=2026-03-27, datetime_html=2026-03-26
[INFO] Cerrando Chrome Personio arrancado por esta ejecucion...
[INFO] Chrome Personio cerrado tras finalizar la tarea
[INFO] Tarea finalizada con codigo 0
[INFO] Iniciando tarea programada para SOLO_FECHA=2026-03-30
[INFO] Intento 1/2
[INFO] Chrome Personio no estaba disponible; lanzando instancia dedicada...
[INFO] Chrome Personio disponible en puerto 9222 tras espera 1
2026-03-30 17:50:26 | INFO | Iniciando servicio de fichajes Personio...
2026-03-30 17:50:26 | INFO | Modo fecha unica activo: SOLO_FECHA=2026-03-30
2026-03-30 17:50:26 | INFO | Confirmacion omitida: entorno no interactivo (tarea programada/servicio).
2026-03-30 17:50:27 | INFO | Realizando login SSO en Personio...
2026-03-30 17:50:38 | INFO | Conectado a Chrome existente en puerto 9222.
2026-03-30 17:51:12 | INFO | Login SSO Personio: pulsando 'Continuar con usuario Unikal'
2026-03-30 17:51:12 | INFO | Click de Personio confirmado con transicion al siguiente paso del SSO.
2026-03-30 17:51:13 | INFO | Autenticacion completada y cookies guardadas.
2026-03-30 17:51:13 | INFO | Sesion autenticada y lista.
2026-03-30 17:51:19 | INFO | Pesta±a nueva abierta en Chrome existente.
2026-03-30 17:51:21 | INFO | Fila localizada por fecha visible=2026-03-30: label_visible='30 mar', datetime_html=2026-03-29
2026-03-30 17:51:21 | INFO | Filtrado por SOLO_FECHA=2026-03-30: 1 fila objetivo
2026-03-30 17:51:21 | INFO | Inicio de procesamiento: 1 filas candidatas
2026-03-30 17:51:21 | INFO | Progreso 1/1: revisando label='30 mar', fecha_visible=2026-03-30, datetime_html=2026-03-29, dia=lun
2026-03-30 17:51:21 | INFO | Intentando rellenar label='30 mar', fecha_visible=2026-03-30, datetime_html=2026-03-29
2026-03-30 17:51:21 | INFO | Abriendo dia 30 mar (lun)
2026-03-30 17:51:31 | INFO | Guardado completado para 30 mar (verificado: estado_aprobado)
2026-03-30 17:51:31 | INFO | Fin de intento OK para label='30 mar', fecha_visible=2026-03-30, datetime_html=2026-03-29
[INFO] Cerrando Chrome Personio arrancado por esta ejecucion...
[INFO] Chrome Personio cerrado tras finalizar la tarea
[INFO] Tarea finalizada con codigo 0
[INFO] Iniciando tarea programada para SOLO_FECHA=2026-03-31
[INFO] Intento 1/2
[INFO] Chrome Personio no estaba disponible; lanzando instancia dedicada...
[INFO] Chrome Personio disponible en puerto 9222 tras espera 1
2026-03-31 17:50:36 | INFO | Iniciando servicio de fichajes Personio...
2026-03-31 17:50:36 | INFO | Modo fecha unica activo: SOLO_FECHA=2026-03-31
2026-03-31 17:50:36 | INFO | Confirmacion omitida: entorno no interactivo (tarea programada/servicio).
2026-03-31 17:50:39 | INFO | Realizando login SSO en Personio...
2026-03-31 17:50:57 | INFO | Conectado a Chrome existente en puerto 9222.
2026-03-31 17:51:31 | INFO | Login SSO Personio: pulsando 'Continuar con usuario Unikal'
2026-03-31 17:51:36 | WARNING | Boton SSO pulsado sin transicion inmediata: 'Continuar con usuario Unikal'
2026-03-31 17:51:42 | WARNING | Reclick ignorado sobre boton SSO sin cambio de pantalla: 'Continuar con usuario Unikal'
2026-03-31 17:51:49 | WARNING | Reclick ignorado sobre boton SSO sin cambio de pantalla: 'Continuar con usuario Unikal'
2026-03-31 17:51:49 | ERROR | Error en servicio Personio: Error durante login SSO: El boton OIDC de Personio no provoca transicion al flujo SSO. Revisa si la pagina cambio o si requiere interaccion manual.
Traceback (most recent call last):

  File "C:\repositorio\examples\Python2\personio_fichajes\src\auth.py", line 249, in _login_sso_con_selenium
    self._esperar_login_exitoso(driver)
    |    |                      -> <selenium.webdriver.chrome.webdriver.WebDriver (session="d20f68e8a97769d57b687a80329f6ce6")>
    |    -> <function AuthManager._esperar_login_exitoso at 0x000002D19921E0C0>
    -> <src.auth.AuthManager object at 0x000002D199356270>

  File "C:\repositorio\examples\Python2\personio_fichajes\src\auth.py", line 300, in _esperar_login_exitoso
    raise AuthError(
          -> <class 'src.auth.AuthError'>

src.auth.AuthError: El boton OIDC de Personio no provoca transicion al flujo SSO. Revisa si la pagina cambio o si requiere interaccion manual.


The above exception was the direct cause of the following exception:


Traceback (most recent call last):

  File "<frozen runpy>", line 198, in _run_module_as_main
  File "<frozen runpy>", line 88, in _run_code

  File "C:\repositorio\examples\Python2\personio_fichajes\src\servicio.py", line 138, in <module>
    main()
    -> <function main at 0x000002D1993F7920>

> File "C:\repositorio\examples\Python2\personio_fichajes\src\servicio.py", line 130, in main
    ejecutar_fichaje_diario()
    -> <function ejecutar_fichaje_diario at 0x000002D19921E980>

  File "C:\repositorio\examples\Python2\personio_fichajes\src\servicio.py", line 108, in ejecutar_fichaje_diario
    auth.ensure_authenticated(session)
    |    |                    -> <requests.sessions.Session object at 0x000002D199355E80>
    |    -> <function AuthManager.ensure_authenticated at 0x000002D196ED4AE0>
    -> <src.auth.AuthManager object at 0x000002D199356270>

  File "C:\repositorio\examples\Python2\personio_fichajes\src\auth.py", line 45, in ensure_authenticated
    self._login_sso_con_selenium(session)
    |    |                       -> <requests.sessions.Session object at 0x000002D199355E80>
    |    -> <function AuthManager._login_sso_con_selenium at 0x000002D19921E020>
    -> <src.auth.AuthManager object at 0x000002D199356270>

  File "C:\repositorio\examples\Python2\personio_fichajes\src\auth.py", line 265, in _login_sso_con_selenium
    raise AuthError(f"Error durante login SSO: {exc}") from exc
          -> <class 'src.auth.AuthError'>

src.auth.AuthError: Error durante login SSO: El boton OIDC de Personio no provoca transicion al flujo SSO. Revisa si la pagina cambio o si requiere interaccion manual.
[WARNING] Ejecucion con codigo 1. Reintentando en 20s...
[INFO] Intento 2/2
[INFO] Chrome Personio ya estaba disponible en puerto 9222
2026-03-31 17:52:17 | INFO | Iniciando servicio de fichajes Personio...
2026-03-31 17:52:17 | INFO | Modo fecha unica activo: SOLO_FECHA=2026-03-31
2026-03-31 17:52:17 | INFO | Confirmacion omitida: entorno no interactivo (tarea programada/servicio).
2026-03-31 17:52:17 | INFO | Realizando login SSO en Personio...
2026-03-31 17:52:22 | INFO | Conectado a Chrome existente en puerto 9222.
2026-03-31 17:52:56 | INFO | Login SSO Personio: pulsando 'Continuar con usuario Unikal'
2026-03-31 17:53:00 | WARNING | Boton SSO pulsado sin transicion inmediata: 'Continuar con usuario Unikal'
2026-03-31 17:53:07 | WARNING | Reclick ignorado sobre boton SSO sin cambio de pantalla: 'Continuar con usuario Unikal'
2026-03-31 17:53:14 | WARNING | Reclick ignorado sobre boton SSO sin cambio de pantalla: 'Continuar con usuario Unikal'
2026-03-31 17:53:14 | ERROR | Error en servicio Personio: Error durante login SSO: El boton OIDC de Personio no provoca transicion al flujo SSO. Revisa si la pagina cambio o si requiere interaccion manual.
Traceback (most recent call last):

  File "C:\repositorio\examples\Python2\personio_fichajes\src\auth.py", line 249, in _login_sso_con_selenium
    self._esperar_login_exitoso(driver)
    |    |                      -> <selenium.webdriver.chrome.webdriver.WebDriver (session="70e1928868eeab8ffd7c4047ea0f8f49")>
    |    -> <function AuthManager._esperar_login_exitoso at 0x0000014CC46CA0C0>
    -> <src.auth.AuthManager object at 0x0000014CC4816270>

  File "C:\repositorio\examples\Python2\personio_fichajes\src\auth.py", line 300, in _esperar_login_exitoso
    raise AuthError(
          -> <class 'src.auth.AuthError'>

src.auth.AuthError: El boton OIDC de Personio no provoca transicion al flujo SSO. Revisa si la pagina cambio o si requiere interaccion manual.


The above exception was the direct cause of the following exception:


Traceback (most recent call last):

  File "<frozen runpy>", line 198, in _run_module_as_main
  File "<frozen runpy>", line 88, in _run_code

  File "C:\repositorio\examples\Python2\personio_fichajes\src\servicio.py", line 138, in <module>
    main()
    -> <function main at 0x0000014CC48B7920>

> File "C:\repositorio\examples\Python2\personio_fichajes\src\servicio.py", line 130, in main
    ejecutar_fichaje_diario()
    -> <function ejecutar_fichaje_diario at 0x0000014CC46CA980>

  File "C:\repositorio\examples\Python2\personio_fichajes\src\servicio.py", line 108, in ejecutar_fichaje_diario
    auth.ensure_authenticated(session)
    |    |                    -> <requests.sessions.Session object at 0x0000014CC4815E80>
    |    -> <function AuthManager.ensure_authenticated at 0x0000014CC43C4AE0>
    -> <src.auth.AuthManager object at 0x0000014CC4816270>

  File "C:\repositorio\examples\Python2\personio_fichajes\src\auth.py", line 45, in ensure_authenticated
    self._login_sso_con_selenium(session)
    |    |                       -> <requests.sessions.Session object at 0x0000014CC4815E80>
    |    -> <function AuthManager._login_sso_con_selenium at 0x0000014CC46CA020>
    -> <src.auth.AuthManager object at 0x0000014CC4816270>

  File "C:\repositorio\examples\Python2\personio_fichajes\src\auth.py", line 265, in _login_sso_con_selenium
    raise AuthError(f"Error durante login SSO: {exc}") from exc
          -> <class 'src.auth.AuthError'>

src.auth.AuthError: Error durante login SSO: El boton OIDC de Personio no provoca transicion al flujo SSO. Revisa si la pagina cambio o si requiere interaccion manual.
[INFO] Cerrando Chrome Personio arrancado por esta ejecucion...
[INFO] Chrome Personio cerrado tras finalizar la tarea
[INFO] Tarea finalizada con codigo 1
[INFO] Iniciando tarea programada para SOLO_FECHA=2026-04-06
[INFO] Intento 1/2
[INFO] Chrome Personio no estaba disponible; lanzando instancia dedicada...
[INFO] Chrome Personio disponible en puerto 9222 tras espera 1
2026-04-06 17:50:22 | INFO | Iniciando servicio de fichajes Personio...
2026-04-06 17:50:22 | INFO | Modo fecha unica activo: SOLO_FECHA=2026-04-06
2026-04-06 17:50:22 | INFO | Confirmacion omitida: entorno no interactivo (tarea programada/servicio).
2026-04-06 17:50:23 | INFO | Realizando login SSO en Personio...
2026-04-06 17:50:31 | INFO | Conectado a Chrome existente en puerto 9222.
2026-04-06 17:51:05 | INFO | Login SSO Personio: pulsando 'Continuar con usuario Unikal'
2026-04-06 17:51:05 | INFO | Click de Personio confirmado con transicion al siguiente paso del SSO.
2026-04-06 17:51:07 | INFO | Autenticacion completada y cookies guardadas.
2026-04-06 17:51:07 | INFO | Sesion autenticada y lista.
2026-04-06 17:51:12 | INFO | Pesta±a nueva abierta en Chrome existente.
2026-04-06 17:51:14 | INFO | Fila localizada por fecha visible=2026-04-06: label_visible='6 abr', datetime_html=2026-04-05
2026-04-06 17:51:14 | INFO | Filtrado por SOLO_FECHA=2026-04-06: 1 fila objetivo
2026-04-06 17:51:14 | INFO | Inicio de procesamiento: 1 filas candidatas
2026-04-06 17:51:14 | INFO | Progreso 1/1: revisando label='6 abr', fecha_visible=2026-04-06, datetime_html=2026-04-05, dia=lun
2026-04-06 17:51:14 | INFO | Intentando rellenar label='6 abr', fecha_visible=2026-04-06, datetime_html=2026-04-05
2026-04-06 17:51:14 | INFO | Abriendo dia 6 abr (lun)
2026-04-06 17:51:24 | INFO | Guardado completado para 6 abr (verificado: estado_aprobado)
2026-04-06 17:51:24 | INFO | Fin de intento OK para label='6 abr', fecha_visible=2026-04-06, datetime_html=2026-04-05
[INFO] Cerrando Chrome Personio arrancado por esta ejecucion...
[INFO] Chrome Personio cerrado tras finalizar la tarea
[INFO] Tarea finalizada con codigo 0
[INFO] Iniciando tarea programada para SOLO_FECHA=2026-04-07
[INFO] Intento 1/2
[INFO] Chrome Personio no estaba disponible; lanzando instancia dedicada...
[INFO] Chrome Personio disponible en puerto 9222 tras espera 1
2026-04-07 17:50:22 | INFO | Iniciando servicio de fichajes Personio...
2026-04-07 17:50:22 | INFO | Modo fecha unica activo: SOLO_FECHA=2026-04-07
2026-04-07 17:50:22 | INFO | Confirmacion omitida: entorno no interactivo (tarea programada/servicio).
2026-04-07 17:50:23 | INFO | Realizando login SSO en Personio...
2026-04-07 17:50:31 | INFO | Conectado a Chrome existente en puerto 9222.
2026-04-07 17:51:05 | INFO | Login SSO Personio: pulsando 'Continuar con usuario Unikal'
2026-04-07 17:51:05 | INFO | Click de Personio confirmado con transicion al siguiente paso del SSO.
2026-04-07 17:51:06 | INFO | Autenticacion completada y cookies guardadas.
2026-04-07 17:51:06 | INFO | Sesion autenticada y lista.
2026-04-07 17:51:12 | INFO | Pesta±a nueva abierta en Chrome existente.
2026-04-07 17:51:14 | INFO | Fila localizada por fecha visible=2026-04-07: label_visible='7 abr', datetime_html=2026-04-06
2026-04-07 17:51:14 | INFO | Filtrado por SOLO_FECHA=2026-04-07: 1 fila objetivo
2026-04-07 17:51:14 | INFO | Inicio de procesamiento: 1 filas candidatas
2026-04-07 17:51:14 | INFO | Progreso 1/1: revisando label='7 abr', fecha_visible=2026-04-07, datetime_html=2026-04-06, dia=mar
2026-04-07 17:51:14 | INFO | Intentando rellenar label='7 abr', fecha_visible=2026-04-07, datetime_html=2026-04-06
2026-04-07 17:51:14 | INFO | Abriendo dia 7 abr (mar)
2026-04-07 17:51:23 | INFO | Guardado completado para 7 abr (verificado: estado_aprobado)
2026-04-07 17:51:23 | INFO | Fin de intento OK para label='7 abr', fecha_visible=2026-04-07, datetime_html=2026-04-06
[INFO] Cerrando Chrome Personio arrancado por esta ejecucion...
[INFO] Chrome Personio cerrado tras finalizar la tarea
[INFO] Tarea finalizada con codigo 0
[INFO] Iniciando tarea programada para SOLO_FECHA=2026-04-08
[INFO] Intento 1/2
[INFO] Chrome Personio no estaba disponible; lanzando instancia dedicada...
[INFO] Chrome Personio disponible en puerto 9222 tras espera 1
2026-04-08 17:50:23 | INFO | Iniciando servicio de fichajes Personio...
2026-04-08 17:50:23 | INFO | Modo fecha unica activo: SOLO_FECHA=2026-04-08
2026-04-08 17:50:23 | INFO | Confirmacion omitida: entorno no interactivo (tarea programada/servicio).
2026-04-08 17:50:24 | INFO | Realizando login SSO en Personio...
2026-04-08 17:50:33 | INFO | Conectado a Chrome existente en puerto 9222.
2026-04-08 17:51:07 | INFO | Login SSO Personio: pulsando 'Continuar con usuario Unikal'
2026-04-08 17:51:07 | INFO | Click de Personio confirmado con transicion al siguiente paso del SSO.
2026-04-08 17:51:08 | INFO | Autenticacion completada y cookies guardadas.
2026-04-08 17:51:08 | INFO | Sesion autenticada y lista.
2026-04-08 17:51:14 | INFO | Pesta±a nueva abierta en Chrome existente.
2026-04-08 17:51:16 | INFO | Fila localizada por fecha visible=2026-04-08: label_visible='8 abr', datetime_html=2026-04-07
2026-04-08 17:51:16 | INFO | Filtrado por SOLO_FECHA=2026-04-08: 1 fila objetivo
2026-04-08 17:51:16 | INFO | Inicio de procesamiento: 1 filas candidatas
2026-04-08 17:51:16 | INFO | Progreso 1/1: revisando label='8 abr', fecha_visible=2026-04-08, datetime_html=2026-04-07, dia=miÚ
2026-04-08 17:51:16 | INFO | Intentando rellenar label='8 abr', fecha_visible=2026-04-08, datetime_html=2026-04-07
2026-04-08 17:51:16 | INFO | Abriendo dia 8 abr (miÚ)
2026-04-08 17:51:24 | INFO | Guardado completado para 8 abr (verificado: estado_aprobado)
2026-04-08 17:51:24 | INFO | Fin de intento OK para label='8 abr', fecha_visible=2026-04-08, datetime_html=2026-04-07
[INFO] Cerrando Chrome Personio arrancado por esta ejecucion...
[INFO] Chrome Personio cerrado tras finalizar la tarea
[INFO] Tarea finalizada con codigo 0
[INFO] Iniciando tarea programada para SOLO_FECHA=2026-04-09
[INFO] Intento 1/2
[INFO] Chrome Personio no estaba disponible; lanzando instancia dedicada...
[INFO] Chrome Personio disponible en puerto 9222 tras espera 1
2026-04-09 17:50:26 | INFO | Iniciando servicio de fichajes Personio...
2026-04-09 17:50:26 | INFO | Modo fecha unica activo: SOLO_FECHA=2026-04-09
2026-04-09 17:50:26 | INFO | Confirmacion omitida: entorno no interactivo (tarea programada/servicio).
2026-04-09 17:50:27 | INFO | Realizando login SSO en Personio...
2026-04-09 17:50:35 | INFO | Conectado a Chrome existente en puerto 9222.
2026-04-09 17:51:07 | INFO | Login SSO Personio: pulsando 'Continuar con usuario Unikal'
2026-04-09 17:51:09 | INFO | Click de Personio confirmado con transicion al siguiente paso del SSO.
2026-04-09 17:51:10 | INFO | Autenticacion completada y cookies guardadas.
2026-04-09 17:51:10 | INFO | Sesion autenticada y lista.
2026-04-09 17:51:15 | INFO | Pesta±a nueva abierta en Chrome existente.
2026-04-09 17:51:18 | INFO | Fila localizada por fecha visible=2026-04-09: label_visible='9 abr', datetime_html=2026-04-08
2026-04-09 17:51:18 | INFO | Filtrado por SOLO_FECHA=2026-04-09: 1 fila objetivo
2026-04-09 17:51:18 | INFO | Inicio de procesamiento: 1 filas candidatas
2026-04-09 17:51:18 | INFO | Progreso 1/1: revisando label='9 abr', fecha_visible=2026-04-09, datetime_html=2026-04-08, dia=jue
2026-04-09 17:51:18 | INFO | Intentando rellenar label='9 abr', fecha_visible=2026-04-09, datetime_html=2026-04-08
2026-04-09 17:51:18 | INFO | Abriendo dia 9 abr (jue)
2026-04-09 17:51:27 | INFO | Guardado completado para 9 abr (verificado: estado_aprobado)
2026-04-09 17:51:27 | INFO | Fin de intento OK para label='9 abr', fecha_visible=2026-04-09, datetime_html=2026-04-08
[INFO] Cerrando Chrome Personio arrancado por esta ejecucion...
[INFO] Chrome Personio cerrado tras finalizar la tarea
[INFO] Tarea finalizada con codigo 0
[INFO] Iniciando tarea programada para SOLO_FECHA=2026-04-10
[INFO] Intento 1/2
[INFO] Chrome Personio no estaba disponible; lanzando instancia dedicada...
[INFO] Chrome Personio disponible en puerto 9222 tras espera 1
2026-04-10 14:20:22 | INFO | Iniciando servicio de fichajes Personio...
2026-04-10 14:20:22 | INFO | Modo fecha unica activo: SOLO_FECHA=2026-04-10
2026-04-10 14:20:22 | INFO | Confirmacion omitida: entorno no interactivo (tarea programada/servicio).
2026-04-10 14:20:23 | INFO | Realizando login SSO en Personio...
2026-04-10 14:20:32 | INFO | Conectado a Chrome existente en puerto 9222.
2026-04-10 14:21:04 | INFO | Login SSO Personio: pulsando 'Continuar con usuario Unikal'
2026-04-10 14:21:08 | WARNING | Boton SSO pulsado sin transicion inmediata: 'Continuar con usuario Unikal'
2026-04-10 14:21:14 | WARNING | Reclick ignorado sobre boton SSO sin cambio de pantalla: 'Continuar con usuario Unikal'
2026-04-10 14:21:20 | WARNING | Reclick ignorado sobre boton SSO sin cambio de pantalla: 'Continuar con usuario Unikal'
2026-04-10 14:21:20 | ERROR | Error en servicio Personio: Error durante login SSO: El boton OIDC de Personio no provoca transicion al flujo SSO. Revisa si la pagina cambio o si requiere interaccion manual.
Traceback (most recent call last):

  File "C:\repositorio\examples\Python2\personio_fichajes\src\auth.py", line 249, in _login_sso_con_selenium
    self._esperar_login_exitoso(driver)
    |    |                      -> <selenium.webdriver.chrome.webdriver.WebDriver (session="b00df505904de003b80c3ecba45af04f")>
    |    -> <function AuthManager._esperar_login_exitoso at 0x0000017A4261E0C0>
    -> <src.auth.AuthManager object at 0x0000017A42766270>

  File "C:\repositorio\examples\Python2\personio_fichajes\src\auth.py", line 300, in _esperar_login_exitoso
    raise AuthError(
          -> <class 'src.auth.AuthError'>

src.auth.AuthError: El boton OIDC de Personio no provoca transicion al flujo SSO. Revisa si la pagina cambio o si requiere interaccion manual.


The above exception was the direct cause of the following exception:


Traceback (most recent call last):

  File "<frozen runpy>", line 198, in _run_module_as_main
  File "<frozen runpy>", line 88, in _run_code

  File "C:\repositorio\examples\Python2\personio_fichajes\src\servicio.py", line 138, in <module>
    main()
    -> <function main at 0x0000017A42807920>

> File "C:\repositorio\examples\Python2\personio_fichajes\src\servicio.py", line 130, in main
    ejecutar_fichaje_diario()
    -> <function ejecutar_fichaje_diario at 0x0000017A4261E980>

  File "C:\repositorio\examples\Python2\personio_fichajes\src\servicio.py", line 108, in ejecutar_fichaje_diario
    auth.ensure_authenticated(session)
    |    |                    -> <requests.sessions.Session object at 0x0000017A42765E80>
    |    -> <function AuthManager.ensure_authenticated at 0x0000017A42334AE0>
    -> <src.auth.AuthManager object at 0x0000017A42766270>

  File "C:\repositorio\examples\Python2\personio_fichajes\src\auth.py", line 45, in ensure_authenticated
    self._login_sso_con_selenium(session)
    |    |                       -> <requests.sessions.Session object at 0x0000017A42765E80>
    |    -> <function AuthManager._login_sso_con_selenium at 0x0000017A4261E020>
    -> <src.auth.AuthManager object at 0x0000017A42766270>

  File "C:\repositorio\examples\Python2\personio_fichajes\src\auth.py", line 265, in _login_sso_con_selenium
    raise AuthError(f"Error durante login SSO: {exc}") from exc
          -> <class 'src.auth.AuthError'>

src.auth.AuthError: Error durante login SSO: El boton OIDC de Personio no provoca transicion al flujo SSO. Revisa si la pagina cambio o si requiere interaccion manual.
[WARNING] Ejecucion con codigo 1. Reintentando en 20s...
[INFO] Intento 2/2
[INFO] Chrome Personio ya estaba disponible en puerto 9222
2026-04-10 14:21:45 | INFO | Iniciando servicio de fichajes Personio...
2026-04-10 14:21:45 | INFO | Modo fecha unica activo: SOLO_FECHA=2026-04-10
2026-04-10 14:21:45 | INFO | Confirmacion omitida: entorno no interactivo (tarea programada/servicio).
2026-04-10 14:21:45 | INFO | Realizando login SSO en Personio...
2026-04-10 14:21:47 | INFO | Conectado a Chrome existente en puerto 9222.
2026-04-10 14:22:19 | INFO | Login SSO Personio: pulsando 'Continuar con usuario Unikal'
2026-04-10 14:22:23 | WARNING | Boton SSO pulsado sin transicion inmediata: 'Continuar con usuario Unikal'
2026-04-10 14:22:29 | WARNING | Reclick ignorado sobre boton SSO sin cambio de pantalla: 'Continuar con usuario Unikal'
2026-04-10 14:22:35 | WARNING | Reclick ignorado sobre boton SSO sin cambio de pantalla: 'Continuar con usuario Unikal'
2026-04-10 14:22:35 | ERROR | Error en servicio Personio: Error durante login SSO: El boton OIDC de Personio no provoca transicion al flujo SSO. Revisa si la pagina cambio o si requiere interaccion manual.
Traceback (most recent call last):

  File "C:\repositorio\examples\Python2\personio_fichajes\src\auth.py", line 249, in _login_sso_con_selenium
    self._esperar_login_exitoso(driver)
    |    |                      -> <selenium.webdriver.chrome.webdriver.WebDriver (session="e3c7a44662342b67d39fc605c3085897")>
    |    -> <function AuthManager._esperar_login_exitoso at 0x00000254D2EDE0C0>
    -> <src.auth.AuthManager object at 0x00000254D5056270>

  File "C:\repositorio\examples\Python2\personio_fichajes\src\auth.py", line 300, in _esperar_login_exitoso
    raise AuthError(
          -> <class 'src.auth.AuthError'>

src.auth.AuthError: El boton OIDC de Personio no provoca transicion al flujo SSO. Revisa si la pagina cambio o si requiere interaccion manual.


The above exception was the direct cause of the following exception:


Traceback (most recent call last):

  File "<frozen runpy>", line 198, in _run_module_as_main
  File "<frozen runpy>", line 88, in _run_code

  File "C:\repositorio\examples\Python2\personio_fichajes\src\servicio.py", line 138, in <module>
    main()
    -> <function main at 0x00000254D50F7920>

> File "C:\repositorio\examples\Python2\personio_fichajes\src\servicio.py", line 130, in main
    ejecutar_fichaje_diario()
    -> <function ejecutar_fichaje_diario at 0x00000254D2EDE980>

  File "C:\repositorio\examples\Python2\personio_fichajes\src\servicio.py", line 108, in ejecutar_fichaje_diario
    auth.ensure_authenticated(session)
    |    |                    -> <requests.sessions.Session object at 0x00000254D5055E80>
    |    -> <function AuthManager.ensure_authenticated at 0x00000254D2BD4AE0>
    -> <src.auth.AuthManager object at 0x00000254D5056270>

  File "C:\repositorio\examples\Python2\personio_fichajes\src\auth.py", line 45, in ensure_authenticated
    self._login_sso_con_selenium(session)
    |    |                       -> <requests.sessions.Session object at 0x00000254D5055E80>
    |    -> <function AuthManager._login_sso_con_selenium at 0x00000254D2EDE020>
    -> <src.auth.AuthManager object at 0x00000254D5056270>

  File "C:\repositorio\examples\Python2\personio_fichajes\src\auth.py", line 265, in _login_sso_con_selenium
    raise AuthError(f"Error durante login SSO: {exc}") from exc
          -> <class 'src.auth.AuthError'>

src.auth.AuthError: Error durante login SSO: El boton OIDC de Personio no provoca transicion al flujo SSO. Revisa si la pagina cambio o si requiere interaccion manual.
[INFO] Cerrando Chrome Personio arrancado por esta ejecucion...
[INFO] Chrome Personio cerrado tras finalizar la tarea
[INFO] Tarea finalizada con codigo 1
[INFO] Iniciando tarea programada para SOLO_FECHA=2026-04-10
[INFO] Intento 1/2
[INFO] Chrome Personio no estaba disponible; lanzando instancia dedicada...
[INFO] Chrome Personio disponible en puerto 9222 tras espera 1
2026-04-10 16:37:18 | INFO | Iniciando servicio de fichajes Personio...
2026-04-10 16:37:18 | INFO | Modo fecha unica activo: SOLO_FECHA=2026-04-10
2026-04-10 16:37:18 | INFO | Confirmacion omitida: entorno no interactivo (tarea programada/servicio).
2026-04-10 16:37:19 | INFO | Realizando login SSO en Personio...
2026-04-10 16:37:25 | INFO | Conectado a Chrome existente en puerto 9222.
2026-04-10 16:37:58 | INFO | Login SSO Personio: pulsando 'Continuar con usuario Unikal'
2026-04-10 16:37:59 | INFO | Click de Personio confirmado con transicion al siguiente paso del SSO.
2026-04-10 16:38:00 | INFO | Autenticacion completada y cookies guardadas.
2026-04-10 16:38:00 | INFO | Sesion autenticada y lista.
2026-04-10 16:38:06 | INFO | Pesta±a nueva abierta en Chrome existente.
2026-04-10 16:38:09 | INFO | Fila localizada por fecha visible=2026-04-10: label_visible='10 abr', datetime_html=2026-04-09
2026-04-10 16:38:09 | INFO | Filtrado por SOLO_FECHA=2026-04-10: 1 fila objetivo
2026-04-10 16:38:09 | INFO | Inicio de procesamiento: 1 filas candidatas
2026-04-10 16:38:09 | INFO | Progreso 1/1: revisando label='10 abr', fecha_visible=2026-04-10, datetime_html=2026-04-09, dia=vie
2026-04-10 16:38:09 | INFO | Intentando rellenar label='10 abr', fecha_visible=2026-04-10, datetime_html=2026-04-09
2026-04-10 16:38:09 | INFO | Abriendo dia 10 abr (vie)
2026-04-10 16:38:14 | INFO | Guardado completado para 10 abr (verificado: estado_aprobado)
2026-04-10 16:38:14 | INFO | Fin de intento OK para label='10 abr', fecha_visible=2026-04-10, datetime_html=2026-04-09
[INFO] Cerrando Chrome Personio arrancado por esta ejecucion...
[INFO] Chrome Personio cerrado tras finalizar la tarea
[INFO] Tarea finalizada con codigo 0
[INFO] Iniciando tarea programada para SOLO_FECHA=2026-04-13
[INFO] Intento 1/2
[INFO] Chrome Personio no estaba disponible; lanzando instancia dedicada...
[INFO] Chrome Personio disponible en puerto 9222 tras espera 1
2026-04-13 17:50:24 | INFO | Iniciando servicio de fichajes Personio...
2026-04-13 17:50:24 | INFO | Modo fecha unica activo: SOLO_FECHA=2026-04-13
2026-04-13 17:50:24 | INFO | Confirmacion omitida: entorno no interactivo (tarea programada/servicio).
2026-04-13 17:50:25 | INFO | Realizando login SSO en Personio...
2026-04-13 17:50:36 | INFO | Conectado a Chrome existente en puerto 9222.
2026-04-13 17:51:10 | INFO | Login SSO Personio: pulsando 'Continuar con usuario Unikal'
2026-04-13 17:51:10 | INFO | Click de Personio confirmado con transicion al siguiente paso del SSO.
2026-04-13 17:51:11 | INFO | Autenticacion completada y cookies guardadas.
2026-04-13 17:51:11 | INFO | Sesion autenticada y lista.
2026-04-13 17:51:18 | INFO | Pesta±a nueva abierta en Chrome existente.
2026-04-13 17:51:21 | INFO | Fila localizada por fecha visible=2026-04-13: label_visible='13 abr', datetime_html=2026-04-12
2026-04-13 17:51:21 | INFO | Filtrado por SOLO_FECHA=2026-04-13: 1 fila objetivo
2026-04-13 17:51:21 | INFO | Inicio de procesamiento: 1 filas candidatas
2026-04-13 17:51:21 | INFO | Progreso 1/1: revisando label='13 abr', fecha_visible=2026-04-13, datetime_html=2026-04-12, dia=lun
2026-04-13 17:51:21 | INFO | Intentando rellenar label='13 abr', fecha_visible=2026-04-13, datetime_html=2026-04-12
2026-04-13 17:51:21 | INFO | Abriendo dia 13 abr (lun)
2026-04-13 17:51:31 | INFO | Guardado completado para 13 abr (verificado: estado_aprobado)
2026-04-13 17:51:31 | INFO | Fin de intento OK para label='13 abr', fecha_visible=2026-04-13, datetime_html=2026-04-12
[INFO] Cerrando Chrome Personio arrancado por esta ejecucion...
[INFO] Chrome Personio cerrado tras finalizar la tarea
[INFO] Tarea finalizada con codigo 0
[INFO] Iniciando tarea programada para SOLO_FECHA=2026-04-14
[INFO] Intento 1/2
[INFO] Chrome Personio no estaba disponible; lanzando instancia dedicada...
[INFO] Chrome Personio disponible en puerto 9222 tras espera 1
2026-04-14 17:50:24 | INFO | Iniciando servicio de fichajes Personio...
2026-04-14 17:50:24 | INFO | Modo fecha unica activo: SOLO_FECHA=2026-04-14
2026-04-14 17:50:24 | INFO | Confirmacion omitida: entorno no interactivo (tarea programada/servicio).
2026-04-14 17:50:26 | INFO | Realizando login SSO en Personio...
2026-04-14 17:50:35 | INFO | Conectado a Chrome existente en puerto 9222.
2026-04-14 17:51:10 | INFO | Login SSO Personio: pulsando 'Continuar con usuario Unikal'
2026-04-14 17:51:10 | INFO | Click de Personio confirmado con transicion al siguiente paso del SSO.
2026-04-14 17:51:12 | INFO | Autenticacion completada y cookies guardadas.
2026-04-14 17:51:12 | INFO | Sesion autenticada y lista.
2026-04-14 17:51:19 | INFO | Pesta±a nueva abierta en Chrome existente.
2026-04-14 17:51:22 | INFO | Fila localizada por fecha visible=2026-04-14: label_visible='14 abr', datetime_html=2026-04-13
2026-04-14 17:51:22 | INFO | Filtrado por SOLO_FECHA=2026-04-14: 1 fila objetivo
2026-04-14 17:51:22 | INFO | Inicio de procesamiento: 1 filas candidatas
2026-04-14 17:51:22 | INFO | Progreso 1/1: revisando label='14 abr', fecha_visible=2026-04-14, datetime_html=2026-04-13, dia=mar
2026-04-14 17:51:22 | INFO | Intentando rellenar label='14 abr', fecha_visible=2026-04-14, datetime_html=2026-04-13
2026-04-14 17:51:22 | INFO | Abriendo dia 14 abr (mar)
2026-04-14 17:51:34 | INFO | Guardado completado para 14 abr (verificado: estado_aprobado)
2026-04-14 17:51:34 | INFO | Fin de intento OK para label='14 abr', fecha_visible=2026-04-14, datetime_html=2026-04-13
[INFO] Cerrando Chrome Personio arrancado por esta ejecucion...
[INFO] Chrome Personio cerrado tras finalizar la tarea
[INFO] Tarea finalizada con codigo 0
[INFO] Iniciando tarea programada para SOLO_FECHA=2026-04-15
[INFO] Intento 1/2
[INFO] Chrome Personio no estaba disponible; lanzando instancia dedicada...
[INFO] Chrome Personio disponible en puerto 9222 tras espera 1
2026-04-15 17:50:25 | INFO | Iniciando servicio de fichajes Personio...
2026-04-15 17:50:25 | INFO | Modo fecha unica activo: SOLO_FECHA=2026-04-15
2026-04-15 17:50:25 | INFO | Confirmacion omitida: entorno no interactivo (tarea programada/servicio).
2026-04-15 17:50:26 | INFO | Realizando login SSO en Personio...
2026-04-15 17:50:38 | INFO | Conectado a Chrome existente en puerto 9222.
2026-04-15 17:51:13 | INFO | Login SSO Personio: pulsando 'Continuar con usuario Unikal'
2026-04-15 17:51:18 | WARNING | Boton SSO pulsado sin transicion inmediata: 'Continuar con usuario Unikal'
2026-04-15 17:51:25 | WARNING | Reclick ignorado sobre boton SSO sin cambio de pantalla: 'Continuar con usuario Unikal'
2026-04-15 17:51:31 | WARNING | Reclick ignorado sobre boton SSO sin cambio de pantalla: 'Continuar con usuario Unikal'
2026-04-15 17:51:31 | ERROR | Error en servicio Personio: Error durante login SSO: El boton OIDC de Personio no provoca transicion al flujo SSO. Revisa si la pagina cambio o si requiere interaccion manual.
Traceback (most recent call last):

  File "C:\repositorio\examples\Python2\personio_fichajes\src\auth.py", line 249, in _login_sso_con_selenium
    self._esperar_login_exitoso(driver)
    |    |                      -> <selenium.webdriver.chrome.webdriver.WebDriver (session="b0669cfa4c3e5ff26d194743c4970d7f")>
    |    -> <function AuthManager._esperar_login_exitoso at 0x0000016CE9ACE520>
    -> <src.auth.AuthManager object at 0x0000016CE9C1E3C0>

  File "C:\repositorio\examples\Python2\personio_fichajes\src\auth.py", line 300, in _esperar_login_exitoso
    raise AuthError(
          -> <class 'src.auth.AuthError'>

src.auth.AuthError: El boton OIDC de Personio no provoca transicion al flujo SSO. Revisa si la pagina cambio o si requiere interaccion manual.


The above exception was the direct cause of the following exception:


Traceback (most recent call last):

  File "<frozen runpy>", line 198, in _run_module_as_main
  File "<frozen runpy>", line 88, in _run_code

  File "C:\repositorio\examples\Python2\personio_fichajes\src\servicio.py", line 138, in <module>
    main()
    -> <function main at 0x0000016CE9CB7EC0>

> File "C:\repositorio\examples\Python2\personio_fichajes\src\servicio.py", line 130, in main
    ejecutar_fichaje_diario()
    -> <function ejecutar_fichaje_diario at 0x0000016CE9ACEDE0>

  File "C:\repositorio\examples\Python2\personio_fichajes\src\servicio.py", line 108, in ejecutar_fichaje_diario
    auth.ensure_authenticated(session)
    |    |                    -> <requests.sessions.Session object at 0x0000016CE9C1DFD0>
    |    -> <function AuthManager.ensure_authenticated at 0x0000016CE97C0F40>
    -> <src.auth.AuthManager object at 0x0000016CE9C1E3C0>

  File "C:\repositorio\examples\Python2\personio_fichajes\src\auth.py", line 45, in ensure_authenticated
    self._login_sso_con_selenium(session)
    |    |                       -> <requests.sessions.Session object at 0x0000016CE9C1DFD0>
    |    -> <function AuthManager._login_sso_con_selenium at 0x0000016CE9ACE480>
    -> <src.auth.AuthManager object at 0x0000016CE9C1E3C0>

  File "C:\repositorio\examples\Python2\personio_fichajes\src\auth.py", line 265, in _login_sso_con_selenium
    raise AuthError(f"Error durante login SSO: {exc}") from exc
          -> <class 'src.auth.AuthError'>

src.auth.AuthError: Error durante login SSO: El boton OIDC de Personio no provoca transicion al flujo SSO. Revisa si la pagina cambio o si requiere interaccion manual.
[WARNING] Ejecucion con codigo 1. Reintentando en 20s...
[INFO] Intento 2/2
[INFO] Chrome Personio ya estaba disponible en puerto 9222
2026-04-15 17:51:59 | INFO | Iniciando servicio de fichajes Personio...
2026-04-15 17:51:59 | INFO | Modo fecha unica activo: SOLO_FECHA=2026-04-15
2026-04-15 17:51:59 | INFO | Confirmacion omitida: entorno no interactivo (tarea programada/servicio).
2026-04-15 17:52:00 | INFO | Realizando login SSO en Personio...
2026-04-15 17:52:04 | INFO | Conectado a Chrome existente en puerto 9222.
2026-04-15 17:52:36 | INFO | Login SSO Personio: pulsando 'Continuar con usuario Unikal'
2026-04-15 17:52:41 | WARNING | Boton SSO pulsado sin transicion inmediata: 'Continuar con usuario Unikal'
2026-04-15 17:52:46 | WARNING | Reclick ignorado sobre boton SSO sin cambio de pantalla: 'Continuar con usuario Unikal'
2026-04-15 17:52:52 | WARNING | Reclick ignorado sobre boton SSO sin cambio de pantalla: 'Continuar con usuario Unikal'
2026-04-15 17:52:52 | ERROR | Error en servicio Personio: Error durante login SSO: El boton OIDC de Personio no provoca transicion al flujo SSO. Revisa si la pagina cambio o si requiere interaccion manual.
Traceback (most recent call last):

  File "C:\repositorio\examples\Python2\personio_fichajes\src\auth.py", line 249, in _login_sso_con_selenium
    self._esperar_login_exitoso(driver)
    |    |                      -> <selenium.webdriver.chrome.webdriver.WebDriver (session="58b1275e97ad98745286fc757226cae8")>
    |    -> <function AuthManager._esperar_login_exitoso at 0x000001F734ADE520>
    -> <src.auth.AuthManager object at 0x000001F734C2E3C0>

  File "C:\repositorio\examples\Python2\personio_fichajes\src\auth.py", line 300, in _esperar_login_exitoso
    raise AuthError(
          -> <class 'src.auth.AuthError'>

src.auth.AuthError: El boton OIDC de Personio no provoca transicion al flujo SSO. Revisa si la pagina cambio o si requiere interaccion manual.


The above exception was the direct cause of the following exception:


Traceback (most recent call last):

  File "<frozen runpy>", line 198, in _run_module_as_main
  File "<frozen runpy>", line 88, in _run_code

  File "C:\repositorio\examples\Python2\personio_fichajes\src\servicio.py", line 138, in <module>
    main()
    -> <function main at 0x000001F734CC7EC0>

> File "C:\repositorio\examples\Python2\personio_fichajes\src\servicio.py", line 130, in main
    ejecutar_fichaje_diario()
    -> <function ejecutar_fichaje_diario at 0x000001F734ADEDE0>

  File "C:\repositorio\examples\Python2\personio_fichajes\src\servicio.py", line 108, in ejecutar_fichaje_diario
    auth.ensure_authenticated(session)
    |    |                    -> <requests.sessions.Session object at 0x000001F734C2DFD0>
    |    -> <function AuthManager.ensure_authenticated at 0x000001F7347D0F40>
    -> <src.auth.AuthManager object at 0x000001F734C2E3C0>

  File "C:\repositorio\examples\Python2\personio_fichajes\src\auth.py", line 45, in ensure_authenticated
    self._login_sso_con_selenium(session)
    |    |                       -> <requests.sessions.Session object at 0x000001F734C2DFD0>
    |    -> <function AuthManager._login_sso_con_selenium at 0x000001F734ADE480>
    -> <src.auth.AuthManager object at 0x000001F734C2E3C0>

  File "C:\repositorio\examples\Python2\personio_fichajes\src\auth.py", line 265, in _login_sso_con_selenium
    raise AuthError(f"Error durante login SSO: {exc}") from exc
          -> <class 'src.auth.AuthError'>

src.auth.AuthError: Error durante login SSO: El boton OIDC de Personio no provoca transicion al flujo SSO. Revisa si la pagina cambio o si requiere interaccion manual.
[INFO] Cerrando Chrome Personio arrancado por esta ejecucion...
[INFO] Chrome Personio cerrado tras finalizar la tarea
[INFO] Tarea finalizada con codigo 1
[INFO] Iniciando tarea programada para SOLO_FECHA=2026-04-16
[INFO] Intento 1/2
[INFO] Chrome Personio no estaba disponible; lanzando instancia dedicada...
[INFO] Chrome Personio disponible en puerto 9222 tras espera 1
2026-04-16 17:50:32 | INFO | Iniciando servicio de fichajes Personio...
2026-04-16 17:50:32 | INFO | Modo fecha unica activo: SOLO_FECHA=2026-04-16
2026-04-16 17:50:32 | INFO | Confirmacion omitida: entorno no interactivo (tarea programada/servicio).
2026-04-16 17:50:34 | INFO | Realizando login SSO en Personio...
2026-04-16 17:50:45 | INFO | Conectado a Chrome existente en puerto 9222.
2026-04-16 17:51:20 | INFO | Login SSO Personio: pulsando 'Continuar con usuario Unikal'
2026-04-16 17:51:20 | INFO | Click de Personio confirmado con transicion al siguiente paso del SSO.
2026-04-16 17:51:21 | INFO | Autenticacion completada y cookies guardadas.
2026-04-16 17:51:21 | INFO | Sesion autenticada y lista.
2026-04-16 17:51:30 | INFO | Pesta±a nueva abierta en Chrome existente.
2026-04-16 17:51:33 | INFO | Fila localizada por fecha visible=2026-04-16: label_visible='16 abr', datetime_html=2026-04-15
2026-04-16 17:51:33 | INFO | Filtrado por SOLO_FECHA=2026-04-16: 1 fila objetivo
2026-04-16 17:51:33 | INFO | Inicio de procesamiento: 1 filas candidatas
2026-04-16 17:51:33 | INFO | Progreso 1/1: revisando label='16 abr', fecha_visible=2026-04-16, datetime_html=2026-04-15, dia=jue
2026-04-16 17:51:33 | INFO | Intentando rellenar label='16 abr', fecha_visible=2026-04-16, datetime_html=2026-04-15
2026-04-16 17:51:33 | INFO | Abriendo dia 16 abr (jue)
2026-04-16 17:51:43 | INFO | Guardado completado para 16 abr (verificado: estado_aprobado)
2026-04-16 17:51:43 | INFO | Fin de intento OK para label='16 abr', fecha_visible=2026-04-16, datetime_html=2026-04-15
[INFO] Cerrando Chrome Personio arrancado por esta ejecucion...
[INFO] Chrome Personio cerrado tras finalizar la tarea
[INFO] Tarea finalizada con codigo 0
